Log file open, 09/26/22 09:11:49
LogWindows: Failed to load 'aqProf.dll' (GetLastError=126)
LogWindows: File 'aqProf.dll' does not exist
LogWindows: Failed to load 'VtuneApi.dll' (GetLastError=126)
LogWindows: File 'VtuneApi.dll' does not exist
LogWindows: Failed to load 'VtuneApi32e.dll' (GetLastError=126)
LogWindows: File 'VtuneApi32e.dll' does not exist
LogConsoleResponse: Display: Failed to find resolution value strings in scalability ini. Falling back to default.
LogConsoleResponse: Display: Failed to find resolution value strings in scalability ini. Falling back to default.
LogInit: Display: Running engine for game: AssassinTactics
LogPlatformFile: Not using cached read wrapper
LogTaskGraph: Started task graph with 5 named threads and 59 total threads with 3 sets of task threads.
LogStats: Stats thread started at 0.403615
LogICUInternationalization: ICU TimeZone Detection - Raw Offset: +9:00, Platform Override: ''
LogInit: Display: Loading text-based GConfig....
LogPluginManager: Mounting plugin MeshPainting
LogPluginManager: Mounting plugin XGEController
LogPluginManager: Mounting plugin Paper2D
LogPluginManager: Mounting plugin LightPropagationVolume
LogPluginManager: Mounting plugin LiveLink
LogPluginManager: Mounting plugin CameraShakePreviewer
LogPluginManager: Mounting plugin AISupport
LogPluginManager: Mounting plugin GameplayCameras
LogPluginManager: Mounting plugin EnvironmentQueryEditor
LogPluginManager: Mounting plugin OodleNetwork
LogPluginManager: Mounting plugin OodleData
LogPluginManager: Mounting plugin LuminPlatformFeatures
LogPluginManager: Mounting plugin LauncherChunkInstaller
LogPluginManager: Mounting plugin Niagara
LogPluginManager: Mounting plugin MagicLeap
LogPluginManager: Mounting plugin MagicLeapLightEstimation
LogPluginManager: Mounting plugin MagicLeapMedia
LogPluginManager: Mounting plugin ActorSequence
LogPluginManager: Mounting plugin AnimationSharing
LogPluginManager: Mounting plugin MatineeToLevelSequence
LogPluginManager: Mounting plugin LevelSequenceEditor
LogPluginManager: Mounting plugin MagicLeapPassableWorld
LogPluginManager: Mounting plugin MLSDK
LogPluginManager: Mounting plugin TemplateSequence
LogPluginManager: Mounting plugin KDevelopSourceCodeAccess
LogPluginManager: Mounting plugin CodeLiteSourceCodeAccess
LogPluginManager: Mounting plugin CLionSourceCodeAccess
LogPluginManager: Mounting plugin PixWinPlugin
LogPluginManager: Mounting plugin PerforceSourceControl
LogPluginManager: Mounting plugin PlasticSourceControl
LogPluginManager: Mounting plugin NullSourceCodeAccess
LogPluginManager: Mounting plugin GitSourceControl
LogPluginManager: Mounting plugin PluginUtils
LogPluginManager: Mounting plugin RiderSourceCodeAccess
LogPluginManager: Mounting plugin SubversionSourceControl
LogPluginManager: Mounting plugin TextureFormatOodle
LogPluginManager: Mounting plugin PropertyAccessNode
LogPluginManager: Mounting plugin VisualStudioSourceCodeAccess
LogPluginManager: Mounting plugin DatasmithContent
LogPluginManager: Mounting plugin XCodeSourceCodeAccess
LogPluginManager: Mounting plugin UObjectPlugin
LogPluginManager: Mounting plugin VisualStudioCodeSourceCodeAccess
LogPluginManager: Mounting plugin UdpMessaging
LogPluginManager: Mounting plugin VariantManagerContent
LogPluginManager: Mounting plugin TcpMessaging
LogPluginManager: Mounting plugin OnlineSubsystem
LogPluginManager: Mounting plugin OnlineSubsystemNull
LogPluginManager: Mounting plugin OnlineSubsystemUtils
LogPluginManager: Mounting plugin AndroidMedia
LogPluginManager: Mounting plugin AvfMedia
LogPluginManager: Mounting plugin ImgMedia
LogPluginManager: Mounting plugin MediaPlayerEditor
LogPluginManager: Mounting plugin MediaCompositing
LogPluginManager: Mounting plugin WebMMedia
LogPluginManager: Mounting plugin WmfMedia
LogPluginManager: Mounting plugin AssetManagerEditor
LogPluginManager: Mounting plugin CryptoKeys
LogPluginManager: Mounting plugin CurveEditorTools
LogPluginManager: Mounting plugin FacialAnimation
LogPluginManager: Mounting plugin GameplayTagsEditor
LogPluginManager: Mounting plugin GeometryMode
LogPluginManager: Mounting plugin MobileLauncherProfileWizard
LogPluginManager: Mounting plugin MacGraphicsSwitching
LogPluginManager: Mounting plugin MaterialAnalyzer
LogPluginManager: Mounting plugin PluginBrowser
LogPluginManager: Mounting plugin DataValidation
LogPluginManager: Mounting plugin SpeedTreeImporter
LogPluginManager: Mounting plugin Takes
LogPluginManager: Mounting plugin ScreenshotTools
LogPluginManager: Mounting plugin AlembicImporter
LogPluginManager: Mounting plugin ChaosCloth
LogPluginManager: Mounting plugin BackChannel
LogPluginManager: Mounting plugin AutomationUtils
LogPluginManager: Mounting plugin ChaosClothEditor
LogPluginManager: Mounting plugin ChaosNiagara
LogPluginManager: Mounting plugin ChaosEditor
LogPluginManager: Mounting plugin ChaosSolverPlugin
LogPluginManager: Mounting plugin CharacterAI
LogPluginManager: Mounting plugin ActorLayerUtilities
LogPluginManager: Mounting plugin AndroidPermission
LogPluginManager: Mounting plugin AndroidDeviceProfileSelector
LogPluginManager: Mounting plugin AndroidMoviePlayer
LogPluginManager: Mounting plugin AssetTags
LogPluginManager: Mounting plugin ChunkDownloader
LogPluginManager: Mounting plugin AudioSynesthesia
LogPluginManager: Mounting plugin ArchVisCharacter
LogPluginManager: Mounting plugin AudioCapture
LogPluginManager: Mounting plugin AppleImageUtils
LogPluginManager: Mounting plugin CableComponent
LogPluginManager: Mounting plugin AppleMoviePlayer
LogPluginManager: Mounting plugin CustomMeshComponent
LogPluginManager: Mounting plugin ExampleDeviceProfileSelector
LogPluginManager: Mounting plugin EditableMesh
LogPluginManager: Mounting plugin GooglePAD
LogPluginManager: Mounting plugin GoogleCloudMessaging
LogPluginManager: Mounting plugin IOSDeviceProfileSelector
LogPluginManager: Mounting plugin LocationServicesBPLibrary
LogPluginManager: Mounting plugin MobilePatchingUtils
LogPluginManager: Mounting plugin LinuxDeviceProfileSelector
LogPluginManager: Mounting plugin GeometryCache
LogPluginManager: Mounting plugin OpenXR
LogPluginManager: Mounting plugin OpenXREyeTracker
LogPluginManager: Mounting plugin GeometryProcessing
LogPluginManager: Mounting plugin GeometryCollectionPlugin
LogPluginManager: Mounting plugin MotoSynth
LogPluginManager: Mounting plugin ProxyLODPlugin
LogPluginManager: Mounting plugin OpenImageDenoise
LogPluginManager: Mounting plugin PlanarCut
LogPluginManager: Mounting plugin PythonScriptPlugin
LogPluginManager: Mounting plugin PlatformCrypto
LogPluginManager: Mounting plugin SkeletalReduction
LogPluginManager: Mounting plugin OpenXRHandTracking
LogPluginManager: Mounting plugin PostSplashScreen
LogPluginManager: Mounting plugin PhysXVehicles
LogPluginManager: Mounting plugin PropertyAccessEditor
LogPluginManager: Mounting plugin ProceduralMeshComponent
LogPluginManager: Mounting plugin SignificanceManager
LogPluginManager: Mounting plugin RuntimePhysXCooking
LogPluginManager: Mounting plugin Synthesis
LogPluginManager: Mounting plugin SoundFields
LogPluginManager: Mounting plugin WebMMoviePlayer
LogPluginManager: Mounting plugin WindowsMoviePlayer
LogPluginManager: Mounting plugin OnlineSubsystemGooglePlay
LogPluginManager: Mounting plugin OnlineSubsystemIOS
LogPluginManager: Mounting plugin ContentBrowserAssetDataSource
LogPluginManager: Mounting plugin ContentBrowserClassDataSource
LogPluginManager: Mounting plugin ContentBrowserFileDataSource
LogPluginManager: Mounting plugin OculusVR
LogPluginManager: Mounting plugin SteamVR
PixWinPlugin: PIX capture plugin failed to initialize! Check that the process is launched from PIX.
LogInit: Using libcurl 7.55.1-DEV
LogInit:  - built for x86_64-pc-win32
LogInit:  - supports SSL with OpenSSL/1.1.1
LogInit:  - supports HTTP deflate (compression) using libz 1.2.8
LogInit:  - other features:
LogInit:      CURL_VERSION_SSL
LogInit:      CURL_VERSION_LIBZ
LogInit:      CURL_VERSION_IPV6
LogInit:      CURL_VERSION_ASYNCHDNS
LogInit:      CURL_VERSION_LARGEFILE
LogInit:      CURL_VERSION_IDN
LogInit:  CurlRequestOptions (configurable via config and command line):
LogInit:  - bVerifyPeer = true  - Libcurl will verify peer certificate
LogInit:  - bUseHttpProxy = false  - Libcurl will NOT use HTTP proxy
LogInit:  - bDontReuseConnections = false  - Libcurl will reuse connections
LogInit:  - MaxHostConnections = 16  - Libcurl will limit the number of connections to a host
LogInit:  - LocalHostAddr = Default
LogInit:  - BufferSize = 65536
LogOnline: OSS: Creating online subsystem instance for: NULL
LogInit: WinSock: version 1.1 (2.2), MaxSocks=32767, MaxUdp=65467
LogOnline: OSS: TryLoadSubsystemAndSetDefault: Loaded subsystem for module [NULL]
LogOculusPluginWrapper: OculusPlugin initialized successfully
LogHMD: Failed initializing OVRPlugin 1.59.0
LogInit: Build: ++UE4+Release-4.27-CL-18319896
LogInit: Engine Version: 4.27.2-18319896+++UE4+Release-4.27
LogInit: Compatible Engine Version: 4.27.0-17155196+++UE4+Release-4.27
LogInit: Net CL: 17155196
LogInit: OS: Windows 10 (Release 2009) (), CPU: 12th Gen Intel(R) Core(TM) i7-12700H, GPU: NVIDIA GeForce RTX 3070 Ti Laptop GPU
LogInit: Compiled (64-bit): Nov 30 2021 07:12:08
LogInit: Compiled with Visual C++: 19.24.28315.00
LogInit: Build Configuration: Development
LogInit: Branch Name: ++UE4+Release-4.27
LogInit: Command Line: 
LogInit: Base Directory: C:/Program Files/Epic Games/UE_4.27/Engine/Binaries/Win64/
LogInit: Allocator: TBB
LogInit: Installed Engine Build: 1
LogDevObjectVersion: Number of dev versions registered: 29
LogDevObjectVersion:   Dev-Blueprints (B0D832E4-1F89-4F0D-ACCF-7EB736FD4AA2): 10
LogDevObjectVersion:   Dev-Build (E1C64328-A22C-4D53-A36C-8E866417BD8C): 0
LogDevObjectVersion:   Dev-Core (375EC13C-06E4-48FB-B500-84F0262A717E): 4
LogDevObjectVersion:   Dev-Editor (E4B068ED-F494-42E9-A231-DA0B2E46BB41): 40
LogDevObjectVersion:   Dev-Framework (CFFC743F-43B0-4480-9391-14DF171D2073): 37
LogDevObjectVersion:   Dev-Mobile (B02B49B5-BB20-44E9-A304-32B752E40360): 3
LogDevObjectVersion:   Dev-Networking (A4E4105C-59A1-49B5-A7C5-40C4547EDFEE): 0
LogDevObjectVersion:   Dev-Online (39C831C9-5AE6-47DC-9A44-9C173E1C8E7C): 0
LogDevObjectVersion:   Dev-Physics (78F01B33-EBEA-4F98-B9B4-84EACCB95AA2): 14
LogDevObjectVersion:   Dev-Platform (6631380F-2D4D-43E0-8009-CF276956A95A): 0
LogDevObjectVersion:   Dev-Rendering (12F88B9F-8875-4AFC-A67C-D90C383ABD29): 45
LogDevObjectVersion:   Dev-Sequencer (7B5AE74C-D270-4C10-A958-57980B212A5A): 13
LogDevObjectVersion:   Dev-VR (D7296918-1DD6-4BDD-9DE2-64A83CC13884): 3
LogDevObjectVersion:   Dev-LoadTimes (C2A15278-BFE7-4AFE-6C17-90FF531DF755): 1
LogDevObjectVersion:   Private-Geometry (6EACA3D4-40EC-4CC1-B786-8BED09428FC5): 3
LogDevObjectVersion:   Dev-AnimPhys (29E575DD-E0A3-4627-9D10-D276232CDCEA): 17
LogDevObjectVersion:   Dev-Anim (AF43A65D-7FD3-4947-9873-3E8ED9C1BB05): 15
LogDevObjectVersion:   Dev-ReflectionCapture (6B266CEC-1EC7-4B8F-A30B-E4D90942FC07): 1
LogDevObjectVersion:   Dev-Automation (0DF73D61-A23F-47EA-B727-89E90C41499A): 1
LogDevObjectVersion:   FortniteMain (601D1886-AC64-4F84-AA16-D3DE0DEAC7D6): 47
LogDevObjectVersion:   FortniteRelease (E7086368-6B23-4C58-8439-1B7016265E91): 1
LogDevObjectVersion:   Dev-Enterprise (9DFFBCD6-494F-0158-E221-12823C92A888): 10
LogDevObjectVersion:   Dev-Niagara (F2AED0AC-9AFE-416F-8664-AA7FFA26D6FC): 1
LogDevObjectVersion:   Dev-Destruction (174F1F0B-B4C6-45A5-B13F-2EE8D0FB917D): 10
LogDevObjectVersion:   Dev-Physics-Ext (35F94A83-E258-406C-A318-09F59610247C): 41
LogDevObjectVersion:   Dev-PhysicsMaterial-Chaos (B68FC16E-8B1B-42E2-B453-215C058844FE): 1
LogDevObjectVersion:   Dev-CineCamera (B2E18506-4273-CFC2-A54E-F4BB758BBA07): 1
LogDevObjectVersion:   Dev-VirtualProduction (64F58936-FD1B-42BA-BA96-7289D5D0FA4E): 1
LogDevObjectVersion:   Dev-MediaFramework (6F0ED827-A609-4895-9C91-998D90180EA4): 2
LogInit: Presizing for max 25165824 objects, including 0 objects not considered by GC, pre-allocating 0 bytes for permanent pool.
LogConfig: Applying CVar settings from Section [/Script/Engine.StreamingSettings] File [C:/study/AssassinTactics/Saved/Config/Windows/Engine.ini]
LogConfig: Setting CVar [[s.MinBulkDataSizeForAsyncLoading:131072]]
LogConfig: Setting CVar [[s.AsyncLoadingThreadEnabled:0]]
LogConfig: Setting CVar [[s.EventDrivenLoaderEnabled:1]]
LogConfig: Setting CVar [[s.WarnIfTimeLimitExceeded:0]]
LogConfig: Setting CVar [[s.TimeLimitExceededMultiplier:1.5]]
LogConfig: Setting CVar [[s.TimeLimitExceededMinTime:0.005]]
LogConfig: Setting CVar [[s.UseBackgroundLevelStreaming:1]]
LogConfig: Setting CVar [[s.PriorityAsyncLoadingExtraTime:15.0]]
LogConfig: Setting CVar [[s.LevelStreamingActorsUpdateTimeLimit:5.0]]
LogConfig: Setting CVar [[s.PriorityLevelStreamingActorsUpdateExtraTime:5.0]]
LogConfig: Setting CVar [[s.LevelStreamingComponentsRegistrationGranularity:10]]
LogConfig: Setting CVar [[s.UnregisterComponentsTimeLimit:1.0]]
LogConfig: Setting CVar [[s.LevelStreamingComponentsUnregistrationGranularity:5]]
LogConfig: Setting CVar [[s.FlushStreamingOnExit:1]]
LogInit: Object subsystem initialized
LogConfig: Setting CVar [[con.DebugEarlyDefault:1]]
LogConfig: Setting CVar [[r.setres:1280x720]]
[2022.09.26-00.11.51:424][  0]LogConfig: Setting CVar [[r.VSync:0]]
[2022.09.26-00.11.51:424][  0]LogConfig: Setting CVar [[r.RHICmdBypass:0]]
[2022.09.26-00.11.51:424][  0]LogConfig: Applying CVar settings from Section [/Script/Engine.RendererSettings] File [C:/study/AssassinTactics/Saved/Config/Windows/Engine.ini]
[2022.09.26-00.11.51:424][  0]LogConfig: Setting CVar [[r.GPUCrashDebugging:0]]
[2022.09.26-00.11.51:424][  0]LogConfig: Applying CVar settings from Section [/Script/Engine.RendererOverrideSettings] File [C:/study/AssassinTactics/Saved/Config/Windows/Engine.ini]
[2022.09.26-00.11.51:424][  0]LogConfig: Applying CVar settings from Section [/Script/Engine.StreamingSettings] File [C:/study/AssassinTactics/Saved/Config/Windows/Engine.ini]
[2022.09.26-00.11.51:424][  0]LogConfig: Setting CVar [[s.MinBulkDataSizeForAsyncLoading:131072]]
[2022.09.26-00.11.51:424][  0]LogConfig: Setting CVar [[s.AsyncLoadingThreadEnabled:0]]
[2022.09.26-00.11.51:424][  0]LogConfig: Setting CVar [[s.EventDrivenLoaderEnabled:1]]
[2022.09.26-00.11.51:424][  0]LogConfig: Setting CVar [[s.WarnIfTimeLimitExceeded:0]]
[2022.09.26-00.11.51:424][  0]LogConfig: Setting CVar [[s.TimeLimitExceededMultiplier:1.5]]
[2022.09.26-00.11.51:424][  0]LogConfig: Setting CVar [[s.TimeLimitExceededMinTime:0.005]]
[2022.09.26-00.11.51:424][  0]LogConfig: Setting CVar [[s.UseBackgroundLevelStreaming:1]]
[2022.09.26-00.11.51:424][  0]LogConfig: Setting CVar [[s.PriorityAsyncLoadingExtraTime:15.0]]
[2022.09.26-00.11.51:424][  0]LogConfig: Setting CVar [[s.LevelStreamingActorsUpdateTimeLimit:5.0]]
[2022.09.26-00.11.51:424][  0]LogConfig: Setting CVar [[s.PriorityLevelStreamingActorsUpdateExtraTime:5.0]]
[2022.09.26-00.11.51:424][  0]LogConfig: Setting CVar [[s.LevelStreamingComponentsRegistrationGranularity:10]]
[2022.09.26-00.11.51:424][  0]LogConfig: Setting CVar [[s.UnregisterComponentsTimeLimit:1.0]]
[2022.09.26-00.11.51:424][  0]LogConfig: Setting CVar [[s.LevelStreamingComponentsUnregistrationGranularity:5]]
[2022.09.26-00.11.51:424][  0]LogConfig: Setting CVar [[s.FlushStreamingOnExit:1]]
[2022.09.26-00.11.51:424][  0]LogConfig: Applying CVar settings from Section [/Script/Engine.GarbageCollectionSettings] File [C:/study/AssassinTactics/Saved/Config/Windows/Engine.ini]
[2022.09.26-00.11.51:424][  0]LogConfig: Setting CVar [[gc.MaxObjectsNotConsideredByGC:1]]
[2022.09.26-00.11.51:424][  0]LogConfig: Setting CVar [[gc.SizeOfPermanentObjectPool:0]]
[2022.09.26-00.11.51:424][  0]LogConfig: Setting CVar [[gc.FlushStreamingOnGC:0]]
[2022.09.26-00.11.51:424][  0]LogConfig: Setting CVar [[gc.NumRetriesBeforeForcingGC:10]]
[2022.09.26-00.11.51:424][  0]LogConfig: Setting CVar [[gc.AllowParallelGC:1]]
[2022.09.26-00.11.51:424][  0]LogConfig: Setting CVar [[gc.TimeBetweenPurgingPendingKillObjects:61.1]]
[2022.09.26-00.11.51:424][  0]LogConfig: Setting CVar [[gc.MaxObjectsInEditor:25165824]]
[2022.09.26-00.11.51:424][  0]LogConfig: Setting CVar [[gc.IncrementalBeginDestroyEnabled:1]]
[2022.09.26-00.11.51:424][  0]LogConfig: Setting CVar [[gc.CreateGCClusters:1]]
[2022.09.26-00.11.51:424][  0]LogConfig: Setting CVar [[gc.MinGCClusterSize:5]]
[2022.09.26-00.11.51:424][  0]LogConfig: Setting CVar [[gc.ActorClusteringEnabled:0]]
[2022.09.26-00.11.51:424][  0]LogConfig: Setting CVar [[gc.BlueprintClusteringEnabled:0]]
[2022.09.26-00.11.51:424][  0]LogConfig: Setting CVar [[gc.UseDisregardForGCOnDedicatedServers:0]]
[2022.09.26-00.11.51:425][  0]LogConfig: Setting CVar [[gc.MultithreadedDestructionEnabled:1]]
[2022.09.26-00.11.51:425][  0]LogConfig: Applying CVar settings from Section [/Script/Engine.NetworkSettings] File [C:/study/AssassinTactics/Saved/Config/Windows/Engine.ini]
[2022.09.26-00.11.51:425][  0]LogConfig: Applying CVar settings from Section [/Script/UnrealEd.CookerSettings] File [C:/study/AssassinTactics/Saved/Config/Windows/Engine.ini]
[2022.09.26-00.11.51:432][  0]LogConfig: Applying CVar settings from Section [ViewDistanceQuality@3] File [C:/study/AssassinTactics/Saved/Config/Windows/Scalability.ini]
[2022.09.26-00.11.51:432][  0]LogConfig: Setting CVar [[r.SkeletalMeshLODBias:0]]
[2022.09.26-00.11.51:432][  0]LogConfig: Setting CVar [[r.ViewDistanceScale:1.0]]
[2022.09.26-00.11.51:432][  0]LogConfig: Applying CVar settings from Section [AntiAliasingQuality@3] File [C:/study/AssassinTactics/Saved/Config/Windows/Scalability.ini]
[2022.09.26-00.11.51:432][  0]LogConfig: Setting CVar [[r.PostProcessAAQuality:4]]
[2022.09.26-00.11.51:432][  0]LogConfig: Applying CVar settings from Section [ShadowQuality@3] File [C:/study/AssassinTactics/Saved/Config/Windows/Scalability.ini]
[2022.09.26-00.11.51:432][  0]LogConfig: Setting CVar [[r.LightFunctionQuality:1]]
[2022.09.26-00.11.51:432][  0]LogConfig: Setting CVar [[r.ShadowQuality:5]]
[2022.09.26-00.11.51:432][  0]LogConfig: Setting CVar [[r.Shadow.CSM.MaxCascades:10]]
[2022.09.26-00.11.51:432][  0]LogConfig: Setting CVar [[r.Shadow.MaxResolution:2048]]
[2022.09.26-00.11.51:432][  0]LogConfig: Setting CVar [[r.Shadow.MaxCSMResolution:2048]]
[2022.09.26-00.11.51:432][  0]LogConfig: Setting CVar [[r.Shadow.RadiusThreshold:0.01]]
[2022.09.26-00.11.51:432][  0]LogConfig: Setting CVar [[r.Shadow.DistanceScale:1.0]]
[2022.09.26-00.11.51:432][  0]LogConfig: Setting CVar [[r.Shadow.CSM.TransitionScale:1.0]]
[2022.09.26-00.11.51:432][  0]LogConfig: Setting CVar [[r.Shadow.PreShadowResolutionFactor:1.0]]
[2022.09.26-00.11.51:432][  0]LogConfig: Setting CVar [[r.DistanceFieldShadowing:1]]
[2022.09.26-00.11.51:432][  0]LogConfig: Setting CVar [[r.DistanceFieldAO:1]]
[2022.09.26-00.11.51:432][  0]LogConfig: Setting CVar [[r.AOQuality:2]]
[2022.09.26-00.11.51:432][  0]LogConfig: Setting CVar [[r.VolumetricFog:1]]
[2022.09.26-00.11.51:432][  0]LogConfig: Setting CVar [[r.VolumetricFog.GridPixelSize:8]]
[2022.09.26-00.11.51:432][  0]LogConfig: Setting CVar [[r.VolumetricFog.GridSizeZ:128]]
[2022.09.26-00.11.51:432][  0]LogConfig: Setting CVar [[r.VolumetricFog.HistoryMissSupersampleCount:4]]
[2022.09.26-00.11.51:432][  0]LogConfig: Setting CVar [[r.LightMaxDrawDistanceScale:1]]
[2022.09.26-00.11.51:432][  0]LogConfig: Setting CVar [[r.CapsuleShadows:1]]
[2022.09.26-00.11.51:432][  0]LogConfig: Applying CVar settings from Section [PostProcessQuality@3] File [C:/study/AssassinTactics/Saved/Config/Windows/Scalability.ini]
[2022.09.26-00.11.51:432][  0]LogConfig: Setting CVar [[r.MotionBlurQuality:4]]
[2022.09.26-00.11.51:432][  0]LogConfig: Setting CVar [[r.AmbientOcclusionMipLevelFactor:0.4]]
[2022.09.26-00.11.51:432][  0]LogConfig: Setting CVar [[r.AmbientOcclusionMaxQuality:100]]
[2022.09.26-00.11.51:432][  0]LogConfig: Setting CVar [[r.AmbientOcclusionLevels:-1]]
[2022.09.26-00.11.51:432][  0]LogConfig: Setting CVar [[r.AmbientOcclusionRadiusScale:1.0]]
[2022.09.26-00.11.51:432][  0]LogConfig: Setting CVar [[r.DepthOfFieldQuality:2]]
[2022.09.26-00.11.51:432][  0]LogConfig: Setting CVar [[r.RenderTargetPoolMin:400]]
[2022.09.26-00.11.51:432][  0]LogConfig: Setting CVar [[r.LensFlareQuality:2]]
[2022.09.26-00.11.51:432][  0]LogConfig: Setting CVar [[r.SceneColorFringeQuality:1]]
[2022.09.26-00.11.51:432][  0]LogConfig: Setting CVar [[r.EyeAdaptationQuality:2]]
[2022.09.26-00.11.51:432][  0]LogConfig: Setting CVar [[r.BloomQuality:5]]
[2022.09.26-00.11.51:432][  0]LogConfig: Setting CVar [[r.FastBlurThreshold:100]]
[2022.09.26-00.11.51:432][  0]LogConfig: Setting CVar [[r.Upscale.Quality:3]]
[2022.09.26-00.11.51:432][  0]LogConfig: Setting CVar [[r.Tonemapper.GrainQuantization:1]]
[2022.09.26-00.11.51:432][  0]LogConfig: Setting CVar [[r.LightShaftQuality:1]]
[2022.09.26-00.11.51:432][  0]LogConfig: Setting CVar [[r.Filter.SizeScale:1]]
[2022.09.26-00.11.51:432][  0]LogConfig: Setting CVar [[r.Tonemapper.Quality:5]]
[2022.09.26-00.11.51:432][  0]LogConfig: Setting CVar [[r.DOF.Gather.AccumulatorQuality:1        ; higher gathering accumulator quality]]
[2022.09.26-00.11.51:433][  0]LogConfig: Setting CVar [[r.DOF.Gather.PostfilterMethod:1          ; Median3x3 postfilering method]]
[2022.09.26-00.11.51:433][  0]LogConfig: Setting CVar [[r.DOF.Gather.EnableBokehSettings:0       ; no bokeh simulation when gathering]]
[2022.09.26-00.11.51:433][  0]LogConfig: Setting CVar [[r.DOF.Gather.RingCount:4                 ; medium number of samples when gathering]]
[2022.09.26-00.11.51:433][  0]LogConfig: Setting CVar [[r.DOF.Scatter.ForegroundCompositing:1    ; additive foreground scattering]]
[2022.09.26-00.11.51:433][  0]LogConfig: Setting CVar [[r.DOF.Scatter.BackgroundCompositing:2    ; additive background scattering]]
[2022.09.26-00.11.51:433][  0]LogConfig: Setting CVar [[r.DOF.Scatter.EnableBokehSettings:1      ; bokeh simulation when scattering]]
[2022.09.26-00.11.51:433][  0]LogConfig: Setting CVar [[r.DOF.Scatter.MaxSpriteRatio:0.1         ; only a maximum of 10% of scattered bokeh]]
[2022.09.26-00.11.51:433][  0]LogConfig: Setting CVar [[r.DOF.Recombine.Quality:1                ; cheap slight out of focus]]
[2022.09.26-00.11.51:433][  0]LogConfig: Setting CVar [[r.DOF.Recombine.EnableBokehSettings:0    ; no bokeh simulation on slight out of focus]]
[2022.09.26-00.11.51:433][  0]LogConfig: Setting CVar [[r.DOF.TemporalAAQuality:1                ; more stable temporal accumulation]]
[2022.09.26-00.11.51:433][  0]LogConfig: Setting CVar [[r.DOF.Kernel.MaxForegroundRadius:0.025]]
[2022.09.26-00.11.51:433][  0]LogConfig: Setting CVar [[r.DOF.Kernel.MaxBackgroundRadius:0.025]]
[2022.09.26-00.11.51:433][  0]LogConfig: Applying CVar settings from Section [TextureQuality@3] File [C:/study/AssassinTactics/Saved/Config/Windows/Scalability.ini]
[2022.09.26-00.11.51:433][  0]LogConfig: Setting CVar [[r.Streaming.MipBias:0]]
[2022.09.26-00.11.51:433][  0]LogConfig: Setting CVar [[r.Streaming.AmortizeCPUToGPUCopy:0]]
[2022.09.26-00.11.51:433][  0]LogConfig: Setting CVar [[r.Streaming.MaxNumTexturesToStreamPerFrame:0]]
[2022.09.26-00.11.51:433][  0]LogConfig: Setting CVar [[r.Streaming.Boost:1]]
[2022.09.26-00.11.51:433][  0]LogConfig: Setting CVar [[r.MaxAnisotropy:8]]
[2022.09.26-00.11.51:433][  0]LogConfig: Setting CVar [[r.VT.MaxAnisotropy:8]]
[2022.09.26-00.11.51:433][  0]LogConfig: Setting CVar [[r.Streaming.LimitPoolSizeToVRAM:0]]
[2022.09.26-00.11.51:433][  0]LogConfig: Setting CVar [[r.Streaming.PoolSize:1000]]
[2022.09.26-00.11.51:433][  0]LogConfig: Setting CVar [[r.Streaming.MaxEffectiveScreenSize:0]]
[2022.09.26-00.11.51:433][  0]LogConfig: Applying CVar settings from Section [EffectsQuality@3] File [C:/study/AssassinTactics/Saved/Config/Windows/Scalability.ini]
[2022.09.26-00.11.51:433][  0]LogConfig: Setting CVar [[r.TranslucencyLightingVolumeDim:64]]
[2022.09.26-00.11.51:433][  0]LogConfig: Setting CVar [[r.RefractionQuality:2]]
[2022.09.26-00.11.51:433][  0]LogConfig: Setting CVar [[r.SSR.Quality:3]]
[2022.09.26-00.11.51:433][  0]LogConfig: Setting CVar [[r.SSR.HalfResSceneColor:0]]
[2022.09.26-00.11.51:433][  0]LogConfig: Setting CVar [[r.SceneColorFormat:4]]
[2022.09.26-00.11.51:433][  0]LogConfig: Setting CVar [[r.DetailMode:2]]
[2022.09.26-00.11.51:433][  0]LogConfig: Setting CVar [[r.TranslucencyVolumeBlur:1]]
[2022.09.26-00.11.51:433][  0]LogConfig: Setting CVar [[r.MaterialQualityLevel:1 ; High quality]]
[2022.09.26-00.11.51:433][  0]LogConfig: Setting CVar [[r.AnisotropicMaterials:1]]
[2022.09.26-00.11.51:433][  0]LogConfig: Setting CVar [[r.SSS.Scale:1]]
[2022.09.26-00.11.51:433][  0]LogConfig: Setting CVar [[r.SSS.SampleSet:2]]
[2022.09.26-00.11.51:433][  0]LogConfig: Setting CVar [[r.SSS.Quality:1]]
[2022.09.26-00.11.51:433][  0]LogConfig: Setting CVar [[r.SSS.HalfRes:0]]
[2022.09.26-00.11.51:433][  0]LogConfig: Setting CVar [[r.SSGI.Quality:3]]
[2022.09.26-00.11.51:433][  0]LogConfig: Setting CVar [[r.EmitterSpawnRateScale:1.0]]
[2022.09.26-00.11.51:433][  0]LogConfig: Setting CVar [[r.ParticleLightQuality:2]]
[2022.09.26-00.11.51:433][  0]LogConfig: Setting CVar [[r.SkyAtmosphere.AerialPerspectiveLUT.FastApplyOnOpaque:1 ; Always have FastSkyLUT 1 in this case to avoid wrong sky]]
[2022.09.26-00.11.51:433][  0]LogConfig: Setting CVar [[r.SkyAtmosphere.AerialPerspectiveLUT.SampleCountMaxPerSlice:4]]
[2022.09.26-00.11.51:433][  0]LogConfig: Setting CVar [[r.SkyAtmosphere.AerialPerspectiveLUT.DepthResolution:16.0]]
[2022.09.26-00.11.51:433][  0]LogConfig: Setting CVar [[r.SkyAtmosphere.FastSkyLUT:1]]
[2022.09.26-00.11.51:433][  0]LogConfig: Setting CVar [[r.SkyAtmosphere.FastSkyLUT.SampleCountMin:4.0]]
[2022.09.26-00.11.51:433][  0]LogConfig: Setting CVar [[r.SkyAtmosphere.FastSkyLUT.SampleCountMax:128.0]]
[2022.09.26-00.11.51:433][  0]LogConfig: Setting CVar [[r.SkyAtmosphere.SampleCountMin:4.0]]
[2022.09.26-00.11.51:433][  0]LogConfig: Setting CVar [[r.SkyAtmosphere.SampleCountMax:128.0]]
[2022.09.26-00.11.51:433][  0]LogConfig: Setting CVar [[r.SkyAtmosphere.TransmittanceLUT.UseSmallFormat:0]]
[2022.09.26-00.11.51:433][  0]LogConfig: Setting CVar [[r.SkyAtmosphere.TransmittanceLUT.SampleCount:10.0]]
[2022.09.26-00.11.51:433][  0]LogConfig: Setting CVar [[r.SkyAtmosphere.MultiScatteringLUT.SampleCount:15.0]]
[2022.09.26-00.11.51:433][  0]LogConfig: Setting CVar [[r.SkyLight.RealTimeReflectionCapture:1]]
[2022.09.26-00.11.51:433][  0]LogConfig: Applying CVar settings from Section [FoliageQuality@3] File [C:/study/AssassinTactics/Saved/Config/Windows/Scalability.ini]
[2022.09.26-00.11.51:433][  0]LogConfig: Setting CVar [[foliage.DensityScale:1.0]]
[2022.09.26-00.11.51:433][  0]LogConfig: Setting CVar [[grass.DensityScale:1.0]]
[2022.09.26-00.11.51:433][  0]LogConfig: Applying CVar settings from Section [ShadingQuality@3] File [C:/study/AssassinTactics/Saved/Config/Windows/Scalability.ini]
[2022.09.26-00.11.51:433][  0]LogConfig: Setting CVar [[r.HairStrands.SkyLighting.IntegrationType:2]]
[2022.09.26-00.11.51:433][  0]LogConfig: Setting CVar [[r.HairStrands.SkyAO.SampleCount:4]]
[2022.09.26-00.11.51:433][  0]LogConfig: Setting CVar [[r.HairStrands.Visibility.MSAA.SamplePerPixel:4]]
[2022.09.26-00.11.51:434][  0]LogInit: Selected Device Profile: [Windows]
[2022.09.26-00.11.51:434][  0]LogInit: Applying CVar settings loaded from the selected device profile: [Windows]
[2022.09.26-00.11.51:434][  0]LogHAL: Display: Platform has ~ 16 GB [16831680512 / 17179869184 / 16], which maps to Larger [LargestMinGB=32, LargerMinGB=12, DefaultMinGB=8, SmallerMinGB=6, SmallestMinGB=0)
[2022.09.26-00.11.51:435][  0]LogInit: Going up to parent DeviceProfile []
[2022.09.26-00.11.51:435][  0]LogConfig: Applying CVar settings from Section [ViewDistanceQuality@3] File [C:/study/AssassinTactics/Saved/Config/Windows/Scalability.ini]
[2022.09.26-00.11.51:435][  0]LogConfig: Setting CVar [[r.SkeletalMeshLODBias:0]]
[2022.09.26-00.11.51:435][  0]LogConfig: Setting CVar [[r.ViewDistanceScale:1.0]]
[2022.09.26-00.11.51:435][  0]LogConfig: Applying CVar settings from Section [AntiAliasingQuality@3] File [C:/study/AssassinTactics/Saved/Config/Windows/Scalability.ini]
[2022.09.26-00.11.51:435][  0]LogConfig: Setting CVar [[r.PostProcessAAQuality:4]]
[2022.09.26-00.11.51:435][  0]LogConfig: Applying CVar settings from Section [ShadowQuality@3] File [C:/study/AssassinTactics/Saved/Config/Windows/Scalability.ini]
[2022.09.26-00.11.51:435][  0]LogConfig: Setting CVar [[r.LightFunctionQuality:1]]
[2022.09.26-00.11.51:435][  0]LogConfig: Setting CVar [[r.ShadowQuality:5]]
[2022.09.26-00.11.51:435][  0]LogConfig: Setting CVar [[r.Shadow.CSM.MaxCascades:10]]
[2022.09.26-00.11.51:435][  0]LogConfig: Setting CVar [[r.Shadow.MaxResolution:2048]]
[2022.09.26-00.11.51:435][  0]LogConfig: Setting CVar [[r.Shadow.MaxCSMResolution:2048]]
[2022.09.26-00.11.51:435][  0]LogConfig: Setting CVar [[r.Shadow.RadiusThreshold:0.01]]
[2022.09.26-00.11.51:435][  0]LogConfig: Setting CVar [[r.Shadow.DistanceScale:1.0]]
[2022.09.26-00.11.51:435][  0]LogConfig: Setting CVar [[r.Shadow.CSM.TransitionScale:1.0]]
[2022.09.26-00.11.51:435][  0]LogConfig: Setting CVar [[r.Shadow.PreShadowResolutionFactor:1.0]]
[2022.09.26-00.11.51:435][  0]LogConfig: Setting CVar [[r.DistanceFieldShadowing:1]]
[2022.09.26-00.11.51:435][  0]LogConfig: Setting CVar [[r.DistanceFieldAO:1]]
[2022.09.26-00.11.51:435][  0]LogConfig: Setting CVar [[r.AOQuality:2]]
[2022.09.26-00.11.51:435][  0]LogConfig: Setting CVar [[r.VolumetricFog:1]]
[2022.09.26-00.11.51:435][  0]LogConfig: Setting CVar [[r.VolumetricFog.GridPixelSize:8]]
[2022.09.26-00.11.51:435][  0]LogConfig: Setting CVar [[r.VolumetricFog.GridSizeZ:128]]
[2022.09.26-00.11.51:435][  0]LogConfig: Setting CVar [[r.VolumetricFog.HistoryMissSupersampleCount:4]]
[2022.09.26-00.11.51:435][  0]LogConfig: Setting CVar [[r.LightMaxDrawDistanceScale:1]]
[2022.09.26-00.11.51:435][  0]LogConfig: Setting CVar [[r.CapsuleShadows:1]]
[2022.09.26-00.11.51:435][  0]LogConfig: Applying CVar settings from Section [PostProcessQuality@3] File [C:/study/AssassinTactics/Saved/Config/Windows/Scalability.ini]
[2022.09.26-00.11.51:435][  0]LogConfig: Setting CVar [[r.MotionBlurQuality:4]]
[2022.09.26-00.11.51:435][  0]LogConfig: Setting CVar [[r.AmbientOcclusionMipLevelFactor:0.4]]
[2022.09.26-00.11.51:435][  0]LogConfig: Setting CVar [[r.AmbientOcclusionMaxQuality:100]]
[2022.09.26-00.11.51:435][  0]LogConfig: Setting CVar [[r.AmbientOcclusionLevels:-1]]
[2022.09.26-00.11.51:435][  0]LogConfig: Setting CVar [[r.AmbientOcclusionRadiusScale:1.0]]
[2022.09.26-00.11.51:435][  0]LogConfig: Setting CVar [[r.DepthOfFieldQuality:2]]
[2022.09.26-00.11.51:435][  0]LogConfig: Setting CVar [[r.RenderTargetPoolMin:400]]
[2022.09.26-00.11.51:435][  0]LogConfig: Setting CVar [[r.LensFlareQuality:2]]
[2022.09.26-00.11.51:435][  0]LogConfig: Setting CVar [[r.SceneColorFringeQuality:1]]
[2022.09.26-00.11.51:435][  0]LogConfig: Setting CVar [[r.EyeAdaptationQuality:2]]
[2022.09.26-00.11.51:435][  0]LogConfig: Setting CVar [[r.BloomQuality:5]]
[2022.09.26-00.11.51:435][  0]LogConfig: Setting CVar [[r.FastBlurThreshold:100]]
[2022.09.26-00.11.51:435][  0]LogConfig: Setting CVar [[r.Upscale.Quality:3]]
[2022.09.26-00.11.51:435][  0]LogConfig: Setting CVar [[r.Tonemapper.GrainQuantization:1]]
[2022.09.26-00.11.51:435][  0]LogConfig: Setting CVar [[r.LightShaftQuality:1]]
[2022.09.26-00.11.51:435][  0]LogConfig: Setting CVar [[r.Filter.SizeScale:1]]
[2022.09.26-00.11.51:435][  0]LogConfig: Setting CVar [[r.Tonemapper.Quality:5]]
[2022.09.26-00.11.51:435][  0]LogConfig: Setting CVar [[r.DOF.Gather.AccumulatorQuality:1        ; higher gathering accumulator quality]]
[2022.09.26-00.11.51:435][  0]LogConfig: Setting CVar [[r.DOF.Gather.PostfilterMethod:1          ; Median3x3 postfilering method]]
[2022.09.26-00.11.51:435][  0]LogConfig: Setting CVar [[r.DOF.Gather.EnableBokehSettings:0       ; no bokeh simulation when gathering]]
[2022.09.26-00.11.51:435][  0]LogConfig: Setting CVar [[r.DOF.Gather.RingCount:4                 ; medium number of samples when gathering]]
[2022.09.26-00.11.51:435][  0]LogConfig: Setting CVar [[r.DOF.Scatter.ForegroundCompositing:1    ; additive foreground scattering]]
[2022.09.26-00.11.51:435][  0]LogConfig: Setting CVar [[r.DOF.Scatter.BackgroundCompositing:2    ; additive background scattering]]
[2022.09.26-00.11.51:435][  0]LogConfig: Setting CVar [[r.DOF.Scatter.EnableBokehSettings:1      ; bokeh simulation when scattering]]
[2022.09.26-00.11.51:435][  0]LogConfig: Setting CVar [[r.DOF.Scatter.MaxSpriteRatio:0.1         ; only a maximum of 10% of scattered bokeh]]
[2022.09.26-00.11.51:435][  0]LogConfig: Setting CVar [[r.DOF.Recombine.Quality:1                ; cheap slight out of focus]]
[2022.09.26-00.11.51:435][  0]LogConfig: Setting CVar [[r.DOF.Recombine.EnableBokehSettings:0    ; no bokeh simulation on slight out of focus]]
[2022.09.26-00.11.51:435][  0]LogConfig: Setting CVar [[r.DOF.TemporalAAQuality:1                ; more stable temporal accumulation]]
[2022.09.26-00.11.51:435][  0]LogConfig: Setting CVar [[r.DOF.Kernel.MaxForegroundRadius:0.025]]
[2022.09.26-00.11.51:435][  0]LogConfig: Setting CVar [[r.DOF.Kernel.MaxBackgroundRadius:0.025]]
[2022.09.26-00.11.51:435][  0]LogConfig: Applying CVar settings from Section [TextureQuality@3] File [C:/study/AssassinTactics/Saved/Config/Windows/Scalability.ini]
[2022.09.26-00.11.51:435][  0]LogConfig: Setting CVar [[r.Streaming.MipBias:0]]
[2022.09.26-00.11.51:435][  0]LogConfig: Setting CVar [[r.Streaming.AmortizeCPUToGPUCopy:0]]
[2022.09.26-00.11.51:435][  0]LogConfig: Setting CVar [[r.Streaming.MaxNumTexturesToStreamPerFrame:0]]
[2022.09.26-00.11.51:435][  0]LogConfig: Setting CVar [[r.Streaming.Boost:1]]
[2022.09.26-00.11.51:435][  0]LogConfig: Setting CVar [[r.MaxAnisotropy:8]]
[2022.09.26-00.11.51:435][  0]LogConfig: Setting CVar [[r.VT.MaxAnisotropy:8]]
[2022.09.26-00.11.51:435][  0]LogConfig: Setting CVar [[r.Streaming.LimitPoolSizeToVRAM:0]]
[2022.09.26-00.11.51:435][  0]LogConfig: Setting CVar [[r.Streaming.PoolSize:1000]]
[2022.09.26-00.11.51:435][  0]LogConfig: Setting CVar [[r.Streaming.MaxEffectiveScreenSize:0]]
[2022.09.26-00.11.51:435][  0]LogConfig: Applying CVar settings from Section [EffectsQuality@3] File [C:/study/AssassinTactics/Saved/Config/Windows/Scalability.ini]
[2022.09.26-00.11.51:435][  0]LogConfig: Setting CVar [[r.TranslucencyLightingVolumeDim:64]]
[2022.09.26-00.11.51:435][  0]LogConfig: Setting CVar [[r.RefractionQuality:2]]
[2022.09.26-00.11.51:435][  0]LogConfig: Setting CVar [[r.SSR.Quality:3]]
[2022.09.26-00.11.51:435][  0]LogConfig: Setting CVar [[r.SSR.HalfResSceneColor:0]]
[2022.09.26-00.11.51:435][  0]LogConfig: Setting CVar [[r.SceneColorFormat:4]]
[2022.09.26-00.11.51:435][  0]LogConfig: Setting CVar [[r.DetailMode:2]]
[2022.09.26-00.11.51:435][  0]LogConfig: Setting CVar [[r.TranslucencyVolumeBlur:1]]
[2022.09.26-00.11.51:435][  0]LogConfig: Setting CVar [[r.MaterialQualityLevel:1 ; High quality]]
[2022.09.26-00.11.51:435][  0]LogConfig: Setting CVar [[r.AnisotropicMaterials:1]]
[2022.09.26-00.11.51:435][  0]LogConfig: Setting CVar [[r.SSS.Scale:1]]
[2022.09.26-00.11.51:435][  0]LogConfig: Setting CVar [[r.SSS.SampleSet:2]]
[2022.09.26-00.11.51:435][  0]LogConfig: Setting CVar [[r.SSS.Quality:1]]
[2022.09.26-00.11.51:435][  0]LogConfig: Setting CVar [[r.SSS.HalfRes:0]]
[2022.09.26-00.11.51:435][  0]LogConfig: Setting CVar [[r.SSGI.Quality:3]]
[2022.09.26-00.11.51:435][  0]LogConfig: Setting CVar [[r.EmitterSpawnRateScale:1.0]]
[2022.09.26-00.11.51:435][  0]LogConfig: Setting CVar [[r.ParticleLightQuality:2]]
[2022.09.26-00.11.51:435][  0]LogConfig: Setting CVar [[r.SkyAtmosphere.AerialPerspectiveLUT.FastApplyOnOpaque:1 ; Always have FastSkyLUT 1 in this case to avoid wrong sky]]
[2022.09.26-00.11.51:435][  0]LogConfig: Setting CVar [[r.SkyAtmosphere.AerialPerspectiveLUT.SampleCountMaxPerSlice:4]]
[2022.09.26-00.11.51:435][  0]LogConfig: Setting CVar [[r.SkyAtmosphere.AerialPerspectiveLUT.DepthResolution:16.0]]
[2022.09.26-00.11.51:435][  0]LogConfig: Setting CVar [[r.SkyAtmosphere.FastSkyLUT:1]]
[2022.09.26-00.11.51:435][  0]LogConfig: Setting CVar [[r.SkyAtmosphere.FastSkyLUT.SampleCountMin:4.0]]
[2022.09.26-00.11.51:435][  0]LogConfig: Setting CVar [[r.SkyAtmosphere.FastSkyLUT.SampleCountMax:128.0]]
[2022.09.26-00.11.51:435][  0]LogConfig: Setting CVar [[r.SkyAtmosphere.SampleCountMin:4.0]]
[2022.09.26-00.11.51:435][  0]LogConfig: Setting CVar [[r.SkyAtmosphere.SampleCountMax:128.0]]
[2022.09.26-00.11.51:435][  0]LogConfig: Setting CVar [[r.SkyAtmosphere.TransmittanceLUT.UseSmallFormat:0]]
[2022.09.26-00.11.51:435][  0]LogConfig: Setting CVar [[r.SkyAtmosphere.TransmittanceLUT.SampleCount:10.0]]
[2022.09.26-00.11.51:435][  0]LogConfig: Setting CVar [[r.SkyAtmosphere.MultiScatteringLUT.SampleCount:15.0]]
[2022.09.26-00.11.51:435][  0]LogConfig: Setting CVar [[r.SkyLight.RealTimeReflectionCapture:1]]
[2022.09.26-00.11.51:435][  0]LogConfig: Applying CVar settings from Section [FoliageQuality@3] File [C:/study/AssassinTactics/Saved/Config/Windows/Scalability.ini]
[2022.09.26-00.11.51:435][  0]LogConfig: Setting CVar [[foliage.DensityScale:1.0]]
[2022.09.26-00.11.51:435][  0]LogConfig: Setting CVar [[grass.DensityScale:1.0]]
[2022.09.26-00.11.51:436][  0]LogConfig: Applying CVar settings from Section [ShadingQuality@3] File [C:/study/AssassinTactics/Saved/Config/Windows/Scalability.ini]
[2022.09.26-00.11.51:436][  0]LogConfig: Setting CVar [[r.HairStrands.SkyLighting.IntegrationType:2]]
[2022.09.26-00.11.51:436][  0]LogConfig: Setting CVar [[r.HairStrands.SkyAO.SampleCount:4]]
[2022.09.26-00.11.51:436][  0]LogConfig: Setting CVar [[r.HairStrands.Visibility.MSAA.SamplePerPixel:4]]
[2022.09.26-00.11.51:436][  0]LogConfig: Applying CVar settings from Section [Startup] File [../../../Engine/Config/ConsoleVariables.ini]
[2022.09.26-00.11.51:436][  0]LogConfig: Setting CVar [[net.UseAdaptiveNetUpdateFrequency:0]]
[2022.09.26-00.11.51:436][  0]LogConfig: Setting CVar [[p.chaos.AllowCreatePhysxBodies:1]]
[2022.09.26-00.11.51:436][  0]LogConfig: Setting CVar [[fx.SkipVectorVMBackendOptimizations:1]]
[2022.09.26-00.11.51:436][  0]LogConfig: Applying CVar settings from Section [ConsoleVariables] File [C:/study/AssassinTactics/Saved/Config/Windows/Engine.ini]
[2022.09.26-00.11.51:436][  0]LogConfig: Applying CVar settings from Section [ConsoleVariables] File [C:/study/AssassinTactics/Saved/Config/Windows/Editor.ini]
[2022.09.26-00.11.51:437][  0]LogInit: Computer: LEEMINSEOK
[2022.09.26-00.11.51:437][  0]LogInit: User: sycym
[2022.09.26-00.11.51:437][  0]LogInit: CPU Page size=4096, Cores=14
[2022.09.26-00.11.51:437][  0]LogInit: High frequency timer resolution =10.000000 MHz
[2022.09.26-00.11.51:437][  0]LogMemory: Memory total: Physical=15.7GB (16GB approx)
[2022.09.26-00.11.51:437][  0]LogMemory: Platform Memory Stats for Windows
[2022.09.26-00.11.51:437][  0]LogMemory: Process Physical Memory: 154.91 MB used, 156.71 MB peak
[2022.09.26-00.11.51:437][  0]LogMemory: Process Virtual Memory: 138.98 MB used, 138.98 MB peak
[2022.09.26-00.11.51:437][  0]LogMemory: Physical Memory: 7858.71 MB used,  8193.23 MB free, 16051.94 MB total
[2022.09.26-00.11.51:437][  0]LogMemory: Virtual Memory: 134198728.00 MB used,  18996.87 MB free, 134217728.00 MB total
[2022.09.26-00.11.51:443][  0]LogWindows: WindowsPlatformFeatures enabled
[2022.09.26-00.11.51:547][  0]LogInit: Physics initialised using underlying interface: PhysX
[2022.09.26-00.11.51:549][  0]LogInit: Overriding language with editor language configuration option (en).
[2022.09.26-00.11.51:549][  0]LogInit: Using OS detected locale (ko-KR).
[2022.09.26-00.11.51:813][  0]LogInit: Setting process to per monitor DPI aware
[2022.09.26-00.11.51:843][  0]LogWindowsTextInputMethodSystem: Display: IME system deactivated.
[2022.09.26-00.11.51:869][  0]LogSlate: New Slate User Created.  User Index 0, Is Virtual User: 0
[2022.09.26-00.11.51:869][  0]LogSlate: Slate User Registered.  User Index 0, Is Virtual User: 0
[2022.09.26-00.11.52:104][  0]LogD3D11RHI: Loaded GFSDK_Aftermath_Lib.x64.dll
[2022.09.26-00.11.52:109][  0]LogHMD: Failed to initialize OpenVR with code 110
[2022.09.26-00.11.52:109][  0]LogD3D11RHI: D3D11 min allowed feature level: 11_0
[2022.09.26-00.11.52:109][  0]LogD3D11RHI: D3D11 max allowed feature level: 11_0
[2022.09.26-00.11.52:109][  0]LogD3D11RHI: D3D11 adapters:
[2022.09.26-00.11.52:187][  0]LogD3D11RHI:    0. 'NVIDIA GeForce RTX 3070 Ti Laptop GPU' (Feature Level 11_0)
[2022.09.26-00.11.52:187][  0]LogD3D11RHI:       8043/0/8025 MB DedicatedVideo/DedicatedSystem/SharedSystem, Outputs:1, VendorId:0x10de
[2022.09.26-00.11.52:212][  0]LogD3D11RHI:    1. 'Intel(R) Iris(R) Xe Graphics' (Feature Level 11_0)
[2022.09.26-00.11.52:212][  0]LogD3D11RHI:       128/0/8025 MB DedicatedVideo/DedicatedSystem/SharedSystem, Outputs:0, VendorId:0x8086
[2022.09.26-00.11.52:214][  0]LogD3D11RHI:    2. 'Microsoft Basic Render Driver' (Feature Level 11_0)
[2022.09.26-00.11.52:214][  0]LogD3D11RHI:       0/0/8025 MB DedicatedVideo/DedicatedSystem/SharedSystem, Outputs:0, VendorId:0x1414
[2022.09.26-00.11.52:214][  0]LogD3D11RHI: Chosen D3D11 Adapter:
[2022.09.26-00.11.52:214][  0]LogD3D11RHI:     Description : NVIDIA GeForce RTX 3070 Ti Laptop GPU
[2022.09.26-00.11.52:214][  0]LogD3D11RHI:     VendorId    : 10de
[2022.09.26-00.11.52:214][  0]LogD3D11RHI:     DeviceId    : 24e0
[2022.09.26-00.11.52:214][  0]LogD3D11RHI:     SubSysId    : 8a14103c
[2022.09.26-00.11.52:214][  0]LogD3D11RHI:     Revision    : 00a1
[2022.09.26-00.11.52:214][  0]LogD3D11RHI:     DedicatedVideoMemory : 8433696768 bytes
[2022.09.26-00.11.52:214][  0]LogD3D11RHI:     DedicatedSystemMemory : 0 bytes
[2022.09.26-00.11.52:214][  0]LogD3D11RHI:     SharedSystemMemory : 8415840256 bytes
[2022.09.26-00.11.52:214][  0]LogD3D11RHI:     AdapterLuid : 0 77192
[2022.09.26-00.11.52:219][  0]LogD3D11RHI: Creating new Direct3DDevice
[2022.09.26-00.11.52:219][  0]LogD3D11RHI:     GPU DeviceId: 0x24e0 (for the marketing name, search the web for "GPU Device Id")
[2022.09.26-00.11.52:219][  0]LogWindows: EnumDisplayDevices:
[2022.09.26-00.11.52:220][  0]LogWindows:    0. 'Intel(R) Iris(R) Xe Graphics' (P:0 D:0)
[2022.09.26-00.11.52:220][  0]LogWindows:    1. 'Intel(R) Iris(R) Xe Graphics' (P:0 D:0)
[2022.09.26-00.11.52:220][  0]LogWindows:    2. 'Intel(R) Iris(R) Xe Graphics' (P:0 D:0)
[2022.09.26-00.11.52:220][  0]LogWindows:    3. 'Intel(R) Iris(R) Xe Graphics' (P:0 D:0)
[2022.09.26-00.11.52:220][  0]LogWindows:    4. 'NVIDIA GeForce RTX 3070 Ti Laptop GPU' (P:1 D:1)
[2022.09.26-00.11.52:220][  0]LogWindows:    5. 'NVIDIA GeForce RTX 3070 Ti Laptop GPU' (P:0 D:0)
[2022.09.26-00.11.52:220][  0]LogWindows:    6. 'NVIDIA GeForce RTX 3070 Ti Laptop GPU' (P:0 D:0)
[2022.09.26-00.11.52:220][  0]LogWindows:    7. 'NVIDIA GeForce RTX 3070 Ti Laptop GPU' (P:0 D:0)
[2022.09.26-00.11.52:220][  0]LogWindows: DebugString: PrimaryIsNotTheChoosenAdapter PrimaryIsNotTheChoosenAdapter PrimaryIsNotTheChoosenAdapter PrimaryIsNotTheChoosenAdapter FoundDriverCount:4 
[2022.09.26-00.11.52:220][  0]LogD3D11RHI:     Adapter Name: NVIDIA GeForce RTX 3070 Ti Laptop GPU
[2022.09.26-00.11.52:221][  0]LogD3D11RHI:   Driver Version: 516.94 (internal:31.0.15.1694, unified:516.94)
[2022.09.26-00.11.52:221][  0]LogD3D11RHI:      Driver Date: 7-21-2022
[2022.09.26-00.11.52:221][  0]LogRHI: Texture pool is 5630 MB (70% of 8043 MB)
[2022.09.26-00.11.52:221][  0]LogD3D11RHI: Creating D3DDevice using adapter:
[2022.09.26-00.11.52:221][  0]LogD3D11RHI:     Description : NVIDIA GeForce RTX 3070 Ti Laptop GPU
[2022.09.26-00.11.52:221][  0]LogD3D11RHI:     VendorId    : 10de
[2022.09.26-00.11.52:221][  0]LogD3D11RHI:     DeviceId    : 24e0
[2022.09.26-00.11.52:221][  0]LogD3D11RHI:     SubSysId    : 8a14103c
[2022.09.26-00.11.52:221][  0]LogD3D11RHI:     Revision    : 00a1
[2022.09.26-00.11.52:221][  0]LogD3D11RHI:     DedicatedVideoMemory : 8433696768 bytes
[2022.09.26-00.11.52:221][  0]LogD3D11RHI:     DedicatedSystemMemory : 0 bytes
[2022.09.26-00.11.52:221][  0]LogD3D11RHI:     SharedSystemMemory : 8415840256 bytes
[2022.09.26-00.11.52:221][  0]LogD3D11RHI:     AdapterLuid : 0 77192
[2022.09.26-00.11.52:262][  0]LogD3D11RHI: RHI has support for 64 bit atomics
[2022.09.26-00.11.52:262][  0]LogD3D11RHI: Async texture creation enabled
[2022.09.26-00.11.52:263][  0]LogD3D11RHI: Array index from any shader is supported
[2022.09.26-00.11.52:307][  0]LogD3D11RHI: GPU Timing Frequency: 1000.000000 (Debug: 2 2)
[2022.09.26-00.11.52:328][  0]LogRHI: GeForceNow SDK initialized: 1
[2022.09.26-00.11.52:592][  0]LogTargetPlatformManager: Display: Loaded TargetPlatform 'AllDesktop'
[2022.09.26-00.11.52:609][  0]LogTargetPlatformManager: Display: Loaded TargetPlatform 'Android'
[2022.09.26-00.11.52:609][  0]LogTargetPlatformManager: Display: Loaded TargetPlatform 'Android_ASTC'
[2022.09.26-00.11.52:609][  0]LogTargetPlatformManager: Display: Loaded TargetPlatform 'Android_DXT'
[2022.09.26-00.11.52:609][  0]LogTargetPlatformManager: Display: Loaded TargetPlatform 'Android_ETC2'
[2022.09.26-00.11.52:609][  0]LogTargetPlatformManager: Display: Loaded TargetPlatform 'AndroidClient'
[2022.09.26-00.11.52:609][  0]LogTargetPlatformManager: Display: Loaded TargetPlatform 'Android_ASTCClient'
[2022.09.26-00.11.52:609][  0]LogTargetPlatformManager: Display: Loaded TargetPlatform 'Android_DXTClient'
[2022.09.26-00.11.52:609][  0]LogTargetPlatformManager: Display: Loaded TargetPlatform 'Android_ETC2Client'
[2022.09.26-00.11.52:609][  0]LogTargetPlatformManager: Display: Loaded TargetPlatform 'Android_Multi'
[2022.09.26-00.11.52:609][  0]LogTargetPlatformManager: Display: Loaded TargetPlatform 'Android_MultiClient'
[2022.09.26-00.11.52:629][  0]LogTargetPlatformManager: Display: Loaded TargetPlatform 'IOSClient'
[2022.09.26-00.11.52:629][  0]LogTargetPlatformManager: Display: Loaded TargetPlatform 'IOS'
[2022.09.26-00.11.52:638][  0]LogTargetPlatformManager: Display: Loaded TargetPlatform 'Linux'
[2022.09.26-00.11.52:644][  0]LogTargetPlatformManager: Display: Loaded TargetPlatform 'LinuxNoEditor'
[2022.09.26-00.11.52:649][  0]LogTargetPlatformManager: Display: Loaded TargetPlatform 'LinuxClient'
[2022.09.26-00.11.52:655][  0]LogTargetPlatformManager: Display: Loaded TargetPlatform 'LinuxServer'
[2022.09.26-00.11.52:666][  0]LogTargetPlatformManager: Display: Loaded TargetPlatform 'LinuxAArch64NoEditor'
[2022.09.26-00.11.52:672][  0]LogTargetPlatformManager: Display: Loaded TargetPlatform 'LinuxAArch64Client'
[2022.09.26-00.11.52:678][  0]LogTargetPlatformManager: Display: Loaded TargetPlatform 'LinuxAArch64Server'
[2022.09.26-00.11.52:697][  0]LogTargetPlatformManager: Display: Loaded TargetPlatform 'Lumin'
[2022.09.26-00.11.52:697][  0]LogTargetPlatformManager: Display: Loaded TargetPlatform 'LuminClient'
[2022.09.26-00.11.52:705][  0]LogTargetPlatformManager: Display: Loaded TargetPlatform 'MacNoEditor'
[2022.09.26-00.11.52:711][  0]LogTargetPlatformManager: Display: Loaded TargetPlatform 'Mac'
[2022.09.26-00.11.52:715][  0]LogTargetPlatformManager: Display: Loaded TargetPlatform 'MacClient'
[2022.09.26-00.11.52:720][  0]LogTargetPlatformManager: Display: Loaded TargetPlatform 'MacServer'
[2022.09.26-00.11.52:728][  0]LogTargetPlatformManager: Display: Loaded TargetPlatform 'TVOSClient'
[2022.09.26-00.11.52:728][  0]LogTargetPlatformManager: Display: Loaded TargetPlatform 'TVOS'
[2022.09.26-00.11.52:736][  0]LogTargetPlatformManager: Display: Loaded TargetPlatform 'WindowsNoEditor'
[2022.09.26-00.11.52:742][  0]LogTargetPlatformManager: Display: Loaded TargetPlatform 'Windows'
[2022.09.26-00.11.52:747][  0]LogTargetPlatformManager: Display: Loaded TargetPlatform 'WindowsClient'
[2022.09.26-00.11.52:752][  0]LogTargetPlatformManager: Display: Loaded TargetPlatform 'WindowsServer'
[2022.09.26-00.11.52:752][  0]LogTargetPlatformManager: Display: Building Assets For Windows
[2022.09.26-00.11.52:767][  0]LogAudioDebug: Display: Lib vorbis DLL was dynamically loaded.
[2022.09.26-00.11.52:819][  0]LogTextureFormatOodle: Display: Oodle Texture 2.9.0 init RDO Off
[2022.09.26-00.11.52:908][  0]LogRendererCore: Ray tracing is disabled. Reason: r.RayTracing=0.
[2022.09.26-00.11.52:909][  0]LogShaderCompilers: Guid format shader working directory is 6 characters bigger than the processId version (../../../../../../study/AssassinTactics/Intermediate/Shaders/WorkingDirectory/21252/).
[2022.09.26-00.11.52:909][  0]LogShaderCompilers: Cleaned the shader compiler working directory 'C:/Users/sycym/AppData/Local/Temp/UnrealShaderWorkingDir/0FB0733846AEC8B24BA54EAAC92981B3/'.
[2022.09.26-00.11.52:910][  0]LogXGEController: Cleaning working directory: C:/Users/sycym/AppData/Local/Temp/UnrealXGEWorkingDir/
[2022.09.26-00.11.52:911][  0]LogShaderCompilers: Display: Using XGE Controller for Shader Compilation.
[2022.09.26-00.11.53:645][  0]LogDerivedDataCache: Display: Max Cache Size: 512 MB
[2022.09.26-00.11.53:703][  0]LogDerivedDataCache: Loaded boot cache 0.06s 94MB C:/Users/sycym/AppData/Local/UnrealEngine/4.27/DerivedDataCache/Boot.ddc.
[2022.09.26-00.11.53:703][  0]LogDerivedDataCache: Display: Loaded Boot cache: C:/Users/sycym/AppData/Local/UnrealEngine/4.27/DerivedDataCache/Boot.ddc
[2022.09.26-00.11.53:703][  0]LogDerivedDataCache: FDerivedDataBackendGraph:  Pak pak cache file ../../../../../../study/AssassinTactics/DerivedDataCache/DDC.ddp not found, will not use a pak cache.
[2022.09.26-00.11.53:703][  0]LogDerivedDataCache: Unable to find inner node Pak for hierarchical cache Hierarchy.
[2022.09.26-00.11.53:703][  0]LogDerivedDataCache: FDerivedDataBackendGraph:  CompressedPak pak cache file ../../../../../../study/AssassinTactics/DerivedDataCache/Compressed.ddp not found, will not use a pak cache.
[2022.09.26-00.11.53:703][  0]LogDerivedDataCache: Unable to find inner node CompressedPak for hierarchical cache Hierarchy.
[2022.09.26-00.11.53:719][  0]LogDerivedDataCache: Display: Pak cache opened for reading ../../../Engine/DerivedDataCache/Compressed.ddp.
[2022.09.26-00.11.53:719][  0]LogDerivedDataCache: FDerivedDataBackendGraph:  EnterprisePak pak cache file ../../../Enterprise/DerivedDataCache/Compressed.ddp not found, will not use a pak cache.
[2022.09.26-00.11.53:719][  0]LogDerivedDataCache: Unable to find inner node EnterprisePak for hierarchical cache Hierarchy.
[2022.09.26-00.11.53:728][  0]LogDerivedDataCache: Speed tests for C:/Users/sycym/AppData/Local/UnrealEngine/Common/DerivedDataCache took 0.01 seconds
[2022.09.26-00.11.53:728][  0]LogDerivedDataCache: Display: Performance to C:/Users/sycym/AppData/Local/UnrealEngine/Common/DerivedDataCache: Latency=0.14ms. RandomReadSpeed=271.95MBs, RandomWriteSpeed=263.98MBs. Assigned SpeedClass 'Local'
[2022.09.26-00.11.53:728][  0]LogDerivedDataCache: Using Local data cache path C:/Users/sycym/AppData/Local/UnrealEngine/Common/DerivedDataCache: Writable
[2022.09.26-00.11.53:729][  0]LogDerivedDataCache: Shared data cache path not found in *engine.ini, will not use an Shared cache.
[2022.09.26-00.11.53:729][  0]LogDerivedDataCache: Unable to find inner node Shared for hierarchical cache Hierarchy.
[2022.09.26-00.11.53:762][  0]LogSlate: Using FreeType 2.10.0
[2022.09.26-00.11.53:763][  0]LogSlate: SlateFontServices - WITH_FREETYPE: 1, WITH_HARFBUZZ: 1
[2022.09.26-00.11.53:794][  0]LogAssetRegistry: FAssetRegistry took 0.0047 seconds to start up
[2022.09.26-00.11.54:044][  0]LogInit: Selected Device Profile: [Windows]
[2022.09.26-00.11.54:044][  0]LogInit: Active device profile: [000002C0F232AA00][000002C0F1F0D480 49] Windows
[2022.09.26-00.11.54:044][  0]LogInit: Profiles: [000002C0F232AA00][000002C0F1F0D480 49] Windows, [000002C0F2331800][000002C0F3229600 49] WindowsNoEditor, [000002C0F2329800][000002C0F322D780 49] WindowsServer, [000002C0F2332200][000002C0F3231900 49] WindowsClient, [000002C0F232A100][000002C0F3235A80 49] IOS, [000002C0F2331400][000002C0F3239C00 49] iPadAir, [000002C0F232A600][000002C0F323C200 49] iPadAir2, [000002C0F36DF100][000002C0F32444C0 49] IPadPro, [000002C0F36DF200][000002C0F3240500 49] iPadAir3, [000002C0F2329000][000002C0F3224640 49] iPadAir4, [000002C0F36DF700][000002C0F3248780 49] iPadMini2, [000002C0F2329F00][000002C0F324C8C0 49] iPadMini3, [000002C0F36DD600][000002C0F3254A40 49] iPadMini4, [000002C0F2328F00][000002C0F3258BC0 49] iPadMini5, [000002C0F372A600][000002C0F3260E80 49] iPhone6, [000002C0F372A700][000002C0F325CEC0 49] iPodTouch6, [000002C0F36DD200][000002C0F3269180 49] iPhone7, [000002C0F36DD100][000002C0F32651C0 49] iPodTouch7, [000002C0F3729C00][000002C0F326D340 49] iPhone5S, [000002C0F36DCC00][000002C0F32714C0 49] iPhone6Plus, [000002C0F3729600][000002C0F3275640 49] iPhone6S, [000002C0F36DEA00][000002C0F32797C0 49] iPhone6SPlus, [000002C0F372A500][000002C0F327D940 49] iPhone7Plus, [000002C0F36DCD00][000002C0F3281AC0 49] iPhoneSE, [000002C0F372A400][000002C0F32840C0 49] iPhone8, [000002C0F36DD300][000002C0F3288240 49] iPhone8Plus, [000002C0F372AD00][000002C0F328C3C0 49] iPhoneX, [000002C0F36DCB00][000002C0F3290540 49] iPhoneXS, [000002C0F372AB00][000002C0F32946C0 49] iPhoneXSMax, [000002C0F36DFA00][000002C0F3250800 49] iPhoneXR, [000002C0F3729E00][000002C0F3298940 49] iPhone11, [000002C0F36DE900][000002C0F329CA80 49] iPhone11Pro, [000002C0F3729100][000002C0F32A0BC0 49] iPhone11ProMax, [000002C0F36DEC00][000002C0F32A8D40 49] iPhoneSE2, [000002C0F372BB00][000002C0F32ACEC0 49] iPhone12Mini, [000002C0F36DE100][000002C0F32B1040 49] iPhone12, [000002C0F3728A00][000002C0F32B51C0 49] iPhone12Pro, [000002C0F36DFB00][000002C0F32B9340 49] iPhone12ProMax, [000002C0F372B900][000002C0F32BD4C0 49] iPadPro105, [000002C0F36DF800][000002C0F32C1640 49] iPadPro129, [000002C0F3728300][000002C0F32C57C0 49] iPadPro97, [000002C0F36DC600][000002C0F32C9940 49] iPadPro2_129, [000002C0F372B700][000002C0F32CDAC0 49] iPad5, [000002C0F36DC300][000002C0F32D00C0 49] iPad6, [000002C0F3729B00][000002C0F32D4240 49] iPad7, [000002C0F36DE200][000002C0F32D83C0 49] iPad8, [000002C0F3729F00][000002C0F32DC540 49] iPadPro11, [000002C0F36DF300][000002C0F32E06C0 49] iPadPro2_11, [000002C0F372B600][000002C0F32E4840 49] iPadPro3_129, [000002C0F2332500][000002C0F32A4980 49] iPadPro4_129, [000002C0F23AC300][000002C0F32E8AC0 49] AppleTV, [000002C0F2333600][000002C0F32ECC00 49] AppleTV4K, [000002C0F23AC200][000002C0F32F0D40 49] TVOS, [000002C0F2332D00][000002C0F32F8EC0 49] Mac, [000002C0F23AD400][000002C0F32FD040 49] MacClient, [000002C0F2330200][000002C0F33011C0 49] MacNoEditor, [000002C0F23AD200][000002C0F3305340 49] MacServer, [000002C0F2333700][000002C0F33094C0 49] Linux, [000002C0F23ACD00][000002C0F330D640 49] LinuxAArch64, [000002C0F2332600][000002C0F33117C0 49] LinuxNoEditor, [000002C0F23AD500][000002C0F3315940 49] LinuxAArch64NoEditor, [000002C0F2333500][000002C0F3319AC0 49] LinuxClient, [000002C0F23ADD00][000002C0F331C0C0 49] LinuxAArch64Client, [000002C0F3728800][000002C0F4330240 49] LinuxServer, [000002C0F36DEE00][000002C0F43343C0 49] LinuxAArch64Server, [000002C0F3729500][000002C0F4338540 49] Android, [000002C0F36DDC00][000002C0F433C6C0 49] Android_Low, [000002C0F3729400][000002C0F4340840 49] Android_Mid, [000002C0F36DE300][000002C0F43449C0 49] Android_High, [000002C0F372AA00][000002C0F4348B40 49] Android_Default, [000002C0F36DDE00][000002C0F32F4C80 49] Android_Adreno4xx, [000002C0F3728D00][000002C0F434CDC0 49] Android_Adreno5xx_Low, [000002C0F36DF000][000002C0F4350F00 49] Android_Adreno5xx, [000002C0F3729800][000002C0F4359080 49] Android_Adreno6xx, [000002C0F36DEF00][000002C0F435D200 49] Android_Adreno6xx_Vulkan, [000002C0F3728900][000002C0F4361380 49] Android_Mali_T6xx, [000002C0F36DD500][000002C0F4365500 49] Android_Mali_T7xx, [000002C0F372B300][000002C0F4369680 49] Android_Mali_T8xx, [000002C0F36DCA00][000002C0F436D800 49] Android_Mali_G71, [000002C0F372BE00][000002C0F4371980 49] Android_Mali_G72, [000002C0F36DD800][000002C0F4375B00 49] Android_Mali_G72_Vulkan, [000002C0F3729200][000002C0F4378100 49] Android_Mali_G76, [000002C0F36DFC00][000002C0F437C280 49] Android_Mali_G76_Vulkan, [000002C0F3728700][000002C0F4380400 49] Android_Mali_G77, [000002C0F36DC200][000002C0F4384580 49] Android_Mali_G77_Vulkan, [000002C0F3728100][000002C0F4388700 49] Android_Mali_G78, [000002C0F23AC100][000002C0F438C880 49] Android_Mali_G78_Vulkan, [000002C0F372AC00][000002C0F4390A00 49] Android_Mali_G710, [000002C0F23AD000][000002C0F4394B80 49] Android_Mali_G710_Vulkan, [000002C0F372A200][000002C0F4398D00 49] Android_Vulkan_SM5, [000002C0F23AC600][000002C0F4354E40 49] Android_PowerVR_G6xxx, [000002C0F3728E00][000002C0F439CF80 49] Android_PowerVR_GT7xxx, [000002C0F36DF400][000002C0F43A10C0 49] Android_PowerVR_GE8xxx, [000002C0F372B000][000002C0F43A9240 49] Android_PowerVR_GM9xxx, [000002C0F36DE600][000002C0F43AD3C0 49] Android_PowerVR_GM9xxx_Vulkan, [000002C0F372A000][000002C0F43B1540 49] Android_TegraK1, [000002C0F36DFD00][000002C0F43B56C0 49] Android_Unknown_Vulkan, [000002C0F3729900][000002C0F43B9840 49] Lumin, [000002C0F36DDF00][000002C0F43BD9C0 49] Lumin_Desktop, [000002C0F372A800][000002C0F43C1B40 49] HoloLens, 
[2022.09.26-00.11.54:213][  0]LogMeshReduction: Using QuadricMeshReduction for automatic static mesh reduction
[2022.09.26-00.11.54:213][  0]LogMeshReduction: Using SimplygonMeshReduction for automatic skeletal mesh reduction
[2022.09.26-00.11.54:213][  0]LogMeshReduction: Using ProxyLODMeshReduction for automatic mesh merging
[2022.09.26-00.11.54:213][  0]LogMeshReduction: No distributed automatic mesh merging module available
[2022.09.26-00.11.54:213][  0]LogMeshMerging: No distributed automatic mesh merging module available
[2022.09.26-00.11.54:247][  0]LogNetVersion: AssassinTactics 1.0.0, NetCL: 17155196, EngineNetVer: 17, GameNetVer: 0 (Checksum: 3612564692)
[2022.09.26-00.11.54:761][  0]LogTexture: Default maximum texture size for cubemaps generated from long-lat sources has been changed from 512 to unlimited. In order to preserve old behaiour for '/Engine/MapTemplates/Sky/DaylightAmbientCubemap.DaylightAmbientCubemap', its maximum texture size has been explicitly set to 512.
[2022.09.26-00.11.54:819][  0]LogHMD: PokeAHoleMaterial loaded successfully
[2022.09.26-00.11.54:824][  0]LogUObjectArray: 17178 objects as part of root set at end of initial load.
[2022.09.26-00.11.54:824][  0]LogUObjectAllocator: 4302048 out of 0 bytes used by permanent object pool.
[2022.09.26-00.11.54:824][  0]LogUObjectArray: CloseDisregardForGC: 0/0 objects in disregard for GC pool
[2022.09.26-00.11.55:147][  0]LogNiagaraDebuggerClient: Niagara Debugger Client Initialized | Session: 9C54C40A43D728B983339A9D9EBD5B5C | Instance: B0E997F74B57A01ECD84B0BE88A369F1 (LEEMINSEOK-21252).
[2022.09.26-00.11.55:367][  0]LogUdpMessaging: Initializing bridge on interface 0.0.0.0:0 to multicast group 230.0.0.1:6666.
[2022.09.26-00.11.55:375][  0]LogTcpMessaging: Initializing TcpMessaging bridge
[2022.09.26-00.11.55:559][  0]LogPython: Using Python 3.7.7
[2022.09.26-00.11.56:174][  0]SourceControl: Source control is disabled
[2022.09.26-00.11.56:174][  0]SourceControl: Source control is disabled
[2022.09.26-00.11.56:180][  0]SourceControl: Source control is disabled
[2022.09.26-00.11.56:186][  0]SourceControl: Source control is disabled
[2022.09.26-00.11.56:201][  0]SourceControl: Source control is disabled
[2022.09.26-00.11.56:206][  0]LogUProjectInfo: Found projects:
[2022.09.26-00.11.56:542][  0]LogAndroidPermission: UAndroidPermissionCallbackProxy::GetInstance
[2022.09.26-00.11.56:563][  0]LogAudioCaptureCore: Display: No Audio Capture implementations found. Audio input will be silent.
[2022.09.26-00.11.56:563][  0]LogAudioCaptureCore: Display: No Audio Capture implementations found. Audio input will be silent.
[2022.09.26-00.11.56:714][  0]LogOpenImageDenoise: OIDN starting up
[2022.09.26-00.11.56:764][  0]LogCollectionManager: Loaded 0 collections in 0.001824 seconds
[2022.09.26-00.11.56:795][  0]LogFileCache: Scanning file cache for directory 'C:/study/AssassinTactics/Saved/Collections/' took 0.00s
[2022.09.26-00.11.56:795][  0]LogFileCache: Scanning file cache for directory 'C:/study/AssassinTactics/Content/Developers/sycym/Collections/' took 0.00s
[2022.09.26-00.11.56:795][  0]LogFileCache: Scanning file cache for directory 'C:/study/AssassinTactics/Content/Collections/' took 0.00s
[2022.09.26-00.11.56:795][  0]LogOcInput: OculusInput pre-init called
[2022.09.26-00.11.57:041][  0]LogEngine: Initializing Engine...
[2022.09.26-00.11.57:083][  0]LogHMD: Optional extension XR_VARJO_quad_views is not available
[2022.09.26-00.11.57:083][  0]LogHMD: Warning: Required extension XR_EXT_eye_gaze_interaction is not available
[2022.09.26-00.11.57:083][  0]LogHMD: Could not enable all required OpenXR extensions for OpenXREyeTracker on current system. This plugin will be loaded but ignored, but will be enabled on a target platform that supports the required extension.
[2022.09.26-00.11.57:085][  0]LogHMD: Failed to get an OpenXR system, result is XR_ERROR_FORM_FACTOR_UNAVAILABLE. Please check that your runtime supports VR headsets.
[2022.09.26-00.11.57:086][  0]LogHMD: Failed to initialize OpenVR with code 110
[2022.09.26-00.11.57:086][  0]LogMagicLeap: Warning: VR disabled because ZI is not enabled.  To enable, in the editor, Edit -> Project Settings -> Plugins -> Magic Leap Plugin -> Enable Zero Iteration
[2022.09.26-00.11.57:088][  0]LogStats: UGameplayTagsManager::InitializeManager -  0.001 s
[2022.09.26-00.11.57:179][  0]LogInit: Initializing FReadOnlyCVARCache
[2022.09.26-00.11.57:209][  0]LogAIModule: Creating AISystem for world Untitled
[2022.09.26-00.11.57:211][  0]LogAudio: Display: Initializing Audio Device Manager...
[2022.09.26-00.11.57:216][  0]LogAudio: Display: Loading Default Audio Settings Objects...
[2022.09.26-00.11.57:217][  0]LogAudio: Display: No default SoundConcurrencyObject specified (or failed to load).
[2022.09.26-00.11.57:218][  0]LogAudio: Display: Audio Device Manager Initialized
[2022.09.26-00.11.57:218][  0]LogAudio: Display: Creating Audio Device:                 Id: 1, Scope: Shared, Realtime: True
[2022.09.26-00.11.57:218][  0]LogAudioMixer: Display: Audio Mixer Platform Settings:
[2022.09.26-00.11.57:218][  0]LogAudioMixer: Display: 	Sample Rate:						  48000
[2022.09.26-00.11.57:218][  0]LogAudioMixer: Display: 	Callback Buffer Frame Size Requested: 1024
[2022.09.26-00.11.57:218][  0]LogAudioMixer: Display: 	Callback Buffer Frame Size To Use:	  1024
[2022.09.26-00.11.57:218][  0]LogAudioMixer: Display: 	Number of buffers to queue:			  2
[2022.09.26-00.11.57:218][  0]LogAudioMixer: Display: 	Max Channels (voices):				  32
[2022.09.26-00.11.57:218][  0]LogAudioMixer: Display: 	Number of Async Source Workers:		  0
[2022.09.26-00.11.57:218][  0]LogAudio: Display: AudioDevice MaxSources: 32
[2022.09.26-00.11.57:219][  0]LogAudio: Display: Audio Spatialization Plugin: None (built-in).
[2022.09.26-00.11.57:219][  0]LogAudio: Display: Audio Reverb Plugin: None (built-in).
[2022.09.26-00.11.57:219][  0]LogAudio: Display: Audio Occlusion Plugin: None (built-in).
[2022.09.26-00.11.57:219][  0]LogAudioMixer: Display: Initializing audio mixer.
[2022.09.26-00.11.57:238][  0]LogAudioMixer: Display: 0: FrontLeft
[2022.09.26-00.11.57:238][  0]LogAudioMixer: Display: 1: FrontRight
[2022.09.26-00.11.57:358][  0]LogAudioMixer: Display: Using Audio Device Speaker(Realtek(R) Audio)
[2022.09.26-00.11.57:361][  0]LogAudioMixer: Display: Initializing Sound Submixes...
[2022.09.26-00.11.57:364][  0]LogAudioMixer: Display: Creating Master Submix 'MasterSubmixDefault'
[2022.09.26-00.11.57:364][  0]LogAudioMixer: Display: Creating Master Submix 'MasterReverbSubmixDefault'
[2022.09.26-00.11.57:365][  0]LogAudioMixer: Display: Creating Master Submix 'MasterEQSubmixDefault'
[2022.09.26-00.11.57:365][  0]LogAudioMixer: FMixerPlatformXAudio2::StartAudioStream() called
[2022.09.26-00.11.57:365][  0]LogAudioMixer: Display: Output buffers initialized: Frames=1024, Channels=2, Samples=2048
[2022.09.26-00.11.57:366][  0]LogAudioMixer: Display: Starting AudioMixerPlatformInterface::RunInternal()
[2022.09.26-00.11.57:366][  0]LogAudioMixer: Display: FMixerPlatformXAudio2::SubmitBuffer() called for the first time
[2022.09.26-00.11.57:366][  0]LogInit: FAudioDevice initialized.
[2022.09.26-00.11.57:367][  0]LogAudio: Display: Audio Device (ID: 1) registered with world 'Untitled'.
[2022.09.26-00.11.57:367][  0]LogNetVersion: Set ProjectVersion to 1.0.0.0. Version Checksum will be recalculated on next use.
[2022.09.26-00.11.57:403][  0]LogDerivedDataCache: Saved boot cache 0.04s 94MB C:/Users/sycym/AppData/Local/UnrealEngine/4.27/DerivedDataCache/Boot.ddc.
[2022.09.26-00.11.57:404][  0]LogInit: Texture streaming: Enabled
[2022.09.26-00.11.57:420][  0]LogAnalytics: Display: [UEEditor.Rocket.Release] APIServer = https://datarouter.ol.epicgames.com/. AppVersion = 4.27.2-18319896+++UE4+Release-4.27
[2022.09.26-00.11.57:425][  0]LogEngineSessionManager: EngineSessionManager initialized
[2022.09.26-00.11.57:425][  0]LogEditorSessionSummary: Verbose: Initializing EditorSessionSummaryWriter for editor session tracking
[2022.09.26-00.11.57:428][  0]LogEditorSessionSummary: EditorSessionSummaryWriter initialized
[2022.09.26-00.11.57:455][  0]LogInit: Transaction tracking system initialized
[2022.09.26-00.11.57:495][  0]BlueprintLog: New page: Editor Load
[2022.09.26-00.11.57:610][  0]LocalizationService: Localization service is disabled
[2022.09.26-00.11.57:661][  0]TimingProfiler: Initialize
[2022.09.26-00.11.57:663][  0]TimingProfiler: OnSessionChanged
[2022.09.26-00.11.57:663][  0]LoadingProfiler: Initialize
[2022.09.26-00.11.57:664][  0]LoadingProfiler: OnSessionChanged
[2022.09.26-00.11.57:664][  0]NetworkingProfiler: Initialize
[2022.09.26-00.11.57:664][  0]NetworkingProfiler: OnSessionChanged
[2022.09.26-00.11.57:664][  0]MemoryProfiler: Initialize
[2022.09.26-00.11.57:664][  0]MemoryProfiler: OnSessionChanged
[2022.09.26-00.11.58:061][  0]LogCook: Display: CookSettings for Memory: MemoryMaxUsedVirtual 0MiB, MemoryMaxUsedPhysical 16384MiB, MemoryMinFreeVirtual 0MiB, MemoryMinFreePhysical 1024MiB
[2022.09.26-00.11.58:061][  0]LogCook: Display: Mobile HDR setting 1
[2022.09.26-00.11.58:358][  0]LogFileCache: Scanning file cache for directory 'C:/study/AssassinTactics/Content/' took 0.01s
[2022.09.26-00.11.58:516][  0]LogInit: Display: Engine is initialized. Leaving FEngineLoop::Init()
[2022.09.26-00.11.58:524][  0]SourceControl: Source control is disabled
[2022.09.26-00.11.58:525][  0]LogUnrealEdMisc: Loading editor; pre map load, took 9.721
[2022.09.26-00.11.58:526][  0]Cmd: MAP LOAD FILE="../../../../../../study/AssassinTactics/Content/Maps/TestMapS.umap" TEMPLATE=0 SHOWPROGRESS=1 FEATURELEVEL=3
[2022.09.26-00.11.58:526][  0]LightingResults: New page: Lighting Build
[2022.09.26-00.11.58:529][  0]LogWorld: UWorld::CleanupWorld for Untitled, bSessionEnded=true, bCleanupResources=true
[2022.09.26-00.11.58:530][  0]LogSlate: InvalidateAllWidgets triggered.  All widgets were invalidated
[2022.09.26-00.11.58:530][  0]MapCheck: New page: Map Check
[2022.09.26-00.11.58:530][  0]LightingResults: New page: Lighting Build
[2022.09.26-00.11.58:537][  0]LogAudio: Display: Audio Device unregistered from world 'None'.
[2022.09.26-00.11.58:541][  0]LogUObjectHash: Compacting FUObjectHashTables data took   0.47ms
[2022.09.26-00.11.59:652][  0]LogTexture: Default maximum texture size for cubemaps generated from long-lat sources has been changed from 512 to unlimited. In order to preserve old behaiour for '/Game/AncientTreasures/Textures/Utility/TX_Cube_01a_CUBE.TX_Cube_01a_CUBE', its maximum texture size has been explicitly set to 512.
[2022.09.26-00.12.00:900][  0]LogAudio: Display: Audio Device (ID: 1) registered with world 'TestMapS'.
[2022.09.26-00.12.00:901][  0]LogAIModule: Creating AISystem for world TestMapS
[2022.09.26-00.12.01:002][  0]LogEditorServer: Finished looking for orphan Actors (0.000 secs)
[2022.09.26-00.12.01:029][  0]LogUObjectHash: Compacting FUObjectHashTables data took   1.14ms
[2022.09.26-00.12.01:030][  0]Cmd: MAP CHECKDEP NOCLEARLOG
[2022.09.26-00.12.01:030][  0]MapCheck: Map check complete: 0 Error(s), 0 Warning(s), took 0.284ms to complete.
[2022.09.26-00.12.01:030][  0]LogFileHelpers: Loading map 'TestMapS' took 2.506
[2022.09.26-00.12.01:042][  0]LogUnrealEdMisc: Total Editor Startup Time, took 12.238
[2022.09.26-00.12.01:150][  0]LogSlate: Updating window title bar state: overlay mode, drag disabled, window buttons hidden, title bar hidden
[2022.09.26-00.12.01:154][  0]LogSlate: Updating window title bar state: overlay mode, drag disabled, window buttons hidden, title bar hidden
[2022.09.26-00.12.01:157][  0]LogSlate: Updating window title bar state: overlay mode, drag disabled, window buttons hidden, title bar hidden
[2022.09.26-00.12.01:160][  0]LogSlate: Updating window title bar state: overlay mode, drag disabled, window buttons hidden, title bar hidden
[2022.09.26-00.12.01:184][  0]LogNativeClassHierarchy: Verbose: Native class hierarchy populated in 0.0060 seconds. Added 3822 classes and 928 folders.
[2022.09.26-00.12.01:189][  0]LogNativeClassHierarchy: Verbose: Native class hierarchy updated for 'WidgetCarousel' in 0.0001 seconds. Added 0 classes and 0 folders.
[2022.09.26-00.12.01:193][  0]LogPakFile: PakFile PrimaryIndexSize=187
[2022.09.26-00.12.01:193][  0]LogPakFile: PakFile PathHashIndexSize=101
[2022.09.26-00.12.01:193][  0]LogPakFile: PakFile FullDirectoryIndexSize=148
[2022.09.26-00.12.01:193][  0]LogShaderLibrary: Display: ShaderCodeLibraryPakFileMountedCallback: PakFile 'C:/Program Files/Epic Games/UE_4.27/FeaturePacks/FP_FirstPerson.upack' (chunk index -1, root 'root:/') mounted
[2022.09.26-00.12.01:193][  0]LogShaderLibrary: Display: ShaderCodeLibraryPakFileMountedCallback: pending pak file info (ChunkID:-1 Root:root:/ File:C:/Program Files/Epic Games/UE_4.27/FeaturePacks/FP_FirstPerson.upack)
[2022.09.26-00.12.01:193][  0]LogPakFile: OnPakFileMounted2Time == 0.000139
[2022.09.26-00.12.01:195][  0]LogPakFile: PakFile PrimaryIndexSize=189
[2022.09.26-00.12.01:195][  0]LogPakFile: PakFile PathHashIndexSize=101
[2022.09.26-00.12.01:195][  0]LogPakFile: PakFile FullDirectoryIndexSize=152
[2022.09.26-00.12.01:195][  0]LogShaderLibrary: Display: ShaderCodeLibraryPakFileMountedCallback: PakFile 'C:/Program Files/Epic Games/UE_4.27/FeaturePacks/FP_FirstPersonBP.upack' (chunk index -1, root 'root:/') mounted
[2022.09.26-00.12.01:195][  0]LogShaderLibrary: Display: ShaderCodeLibraryPakFileMountedCallback: pending pak file info (ChunkID:-1 Root:root:/ File:C:/Program Files/Epic Games/UE_4.27/FeaturePacks/FP_FirstPersonBP.upack)
[2022.09.26-00.12.01:195][  0]LogPakFile: OnPakFileMounted2Time == 0.000024
[2022.09.26-00.12.01:196][  0]LogPakFile: PakFile PrimaryIndexSize=191
[2022.09.26-00.12.01:196][  0]LogPakFile: PakFile PathHashIndexSize=101
[2022.09.26-00.12.01:196][  0]LogPakFile: PakFile FullDirectoryIndexSize=160
[2022.09.26-00.12.01:196][  0]LogShaderLibrary: Display: ShaderCodeLibraryPakFileMountedCallback: PakFile 'C:/Program Files/Epic Games/UE_4.27/FeaturePacks/MobileStarterContent.upack' (chunk index -1, root 'root:/') mounted
[2022.09.26-00.12.01:196][  0]LogShaderLibrary: Display: ShaderCodeLibraryPakFileMountedCallback: pending pak file info (ChunkID:-1 Root:root:/ File:C:/Program Files/Epic Games/UE_4.27/FeaturePacks/MobileStarterContent.upack)
[2022.09.26-00.12.01:196][  0]LogPakFile: OnPakFileMounted2Time == 0.000019
[2022.09.26-00.12.01:197][  0]LogPakFile: PakFile PrimaryIndexSize=185
[2022.09.26-00.12.01:197][  0]LogPakFile: PakFile PathHashIndexSize=101
[2022.09.26-00.12.01:197][  0]LogPakFile: PakFile FullDirectoryIndexSize=148
[2022.09.26-00.12.01:197][  0]LogShaderLibrary: Display: ShaderCodeLibraryPakFileMountedCallback: PakFile 'C:/Program Files/Epic Games/UE_4.27/FeaturePacks/StarterContent.upack' (chunk index -1, root 'root:/') mounted
[2022.09.26-00.12.01:197][  0]LogShaderLibrary: Display: ShaderCodeLibraryPakFileMountedCallback: pending pak file info (ChunkID:-1 Root:root:/ File:C:/Program Files/Epic Games/UE_4.27/FeaturePacks/StarterContent.upack)
[2022.09.26-00.12.01:197][  0]LogPakFile: OnPakFileMounted2Time == 0.000020
[2022.09.26-00.12.01:198][  0]LogPakFile: PakFile PrimaryIndexSize=190
[2022.09.26-00.12.01:198][  0]LogPakFile: PakFile PathHashIndexSize=101
[2022.09.26-00.12.01:198][  0]LogPakFile: PakFile FullDirectoryIndexSize=154
[2022.09.26-00.12.01:198][  0]LogShaderLibrary: Display: ShaderCodeLibraryPakFileMountedCallback: PakFile 'C:/Program Files/Epic Games/UE_4.27/FeaturePacks/TP_2DSideScroller.upack' (chunk index -1, root 'root:/') mounted
[2022.09.26-00.12.01:198][  0]LogShaderLibrary: Display: ShaderCodeLibraryPakFileMountedCallback: pending pak file info (ChunkID:-1 Root:root:/ File:C:/Program Files/Epic Games/UE_4.27/FeaturePacks/TP_2DSideScroller.upack)
[2022.09.26-00.12.01:198][  0]LogPakFile: OnPakFileMounted2Time == 0.000019
[2022.09.26-00.12.01:199][  0]LogPakFile: PakFile PrimaryIndexSize=192
[2022.09.26-00.12.01:199][  0]LogPakFile: PakFile PathHashIndexSize=101
[2022.09.26-00.12.01:199][  0]LogPakFile: PakFile FullDirectoryIndexSize=158
[2022.09.26-00.12.01:199][  0]LogShaderLibrary: Display: ShaderCodeLibraryPakFileMountedCallback: PakFile 'C:/Program Files/Epic Games/UE_4.27/FeaturePacks/TP_2DSideScrollerBP.upack' (chunk index -1, root 'root:/') mounted
[2022.09.26-00.12.01:199][  0]LogShaderLibrary: Display: ShaderCodeLibraryPakFileMountedCallback: pending pak file info (ChunkID:-1 Root:root:/ File:C:/Program Files/Epic Games/UE_4.27/FeaturePacks/TP_2DSideScrollerBP.upack)
[2022.09.26-00.12.01:199][  0]LogPakFile: OnPakFileMounted2Time == 0.000018
[2022.09.26-00.12.01:200][  0]LogPakFile: PakFile PrimaryIndexSize=182
[2022.09.26-00.12.01:200][  0]LogPakFile: PakFile PathHashIndexSize=101
[2022.09.26-00.12.01:200][  0]LogPakFile: PakFile FullDirectoryIndexSize=138
[2022.09.26-00.12.01:200][  0]LogShaderLibrary: Display: ShaderCodeLibraryPakFileMountedCallback: PakFile 'C:/Program Files/Epic Games/UE_4.27/FeaturePacks/TP_Flying.upack' (chunk index -1, root 'root:/') mounted
[2022.09.26-00.12.01:200][  0]LogShaderLibrary: Display: ShaderCodeLibraryPakFileMountedCallback: pending pak file info (ChunkID:-1 Root:root:/ File:C:/Program Files/Epic Games/UE_4.27/FeaturePacks/TP_Flying.upack)
[2022.09.26-00.12.01:200][  0]LogPakFile: OnPakFileMounted2Time == 0.000020
[2022.09.26-00.12.01:201][  0]LogPakFile: PakFile PrimaryIndexSize=184
[2022.09.26-00.12.01:201][  0]LogPakFile: PakFile PathHashIndexSize=101
[2022.09.26-00.12.01:201][  0]LogPakFile: PakFile FullDirectoryIndexSize=142
[2022.09.26-00.12.01:201][  0]LogShaderLibrary: Display: ShaderCodeLibraryPakFileMountedCallback: PakFile 'C:/Program Files/Epic Games/UE_4.27/FeaturePacks/TP_FlyingBP.upack' (chunk index -1, root 'root:/') mounted
[2022.09.26-00.12.01:201][  0]LogShaderLibrary: Display: ShaderCodeLibraryPakFileMountedCallback: pending pak file info (ChunkID:-1 Root:root:/ File:C:/Program Files/Epic Games/UE_4.27/FeaturePacks/TP_FlyingBP.upack)
[2022.09.26-00.12.01:201][  0]LogPakFile: OnPakFileMounted2Time == 0.000020
[2022.09.26-00.12.01:202][  0]LogPakFile: PakFile PrimaryIndexSize=188
[2022.09.26-00.12.01:202][  0]LogPakFile: PakFile PathHashIndexSize=101
[2022.09.26-00.12.01:202][  0]LogPakFile: PakFile FullDirectoryIndexSize=150
[2022.09.26-00.12.01:202][  0]LogShaderLibrary: Display: ShaderCodeLibraryPakFileMountedCallback: PakFile 'C:/Program Files/Epic Games/UE_4.27/FeaturePacks/TP_HandheldARBP.upack' (chunk index -1, root 'root:/') mounted
[2022.09.26-00.12.01:202][  0]LogShaderLibrary: Display: ShaderCodeLibraryPakFileMountedCallback: pending pak file info (ChunkID:-1 Root:root:/ File:C:/Program Files/Epic Games/UE_4.27/FeaturePacks/TP_HandheldARBP.upack)
[2022.09.26-00.12.01:202][  0]LogPakFile: OnPakFileMounted2Time == 0.000019
[2022.09.26-00.12.01:208][  0]LogPakFile: PakFile PrimaryIndexSize=182
[2022.09.26-00.12.01:208][  0]LogPakFile: PakFile PathHashIndexSize=101
[2022.09.26-00.12.01:208][  0]LogPakFile: PakFile FullDirectoryIndexSize=138
[2022.09.26-00.12.01:208][  0]LogShaderLibrary: Display: ShaderCodeLibraryPakFileMountedCallback: PakFile 'C:/Program Files/Epic Games/UE_4.27/FeaturePacks/TP_Puzzle.upack' (chunk index -1, root 'root:/') mounted
[2022.09.26-00.12.01:208][  0]LogShaderLibrary: Display: ShaderCodeLibraryPakFileMountedCallback: pending pak file info (ChunkID:-1 Root:root:/ File:C:/Program Files/Epic Games/UE_4.27/FeaturePacks/TP_Puzzle.upack)
[2022.09.26-00.12.01:208][  0]LogPakFile: OnPakFileMounted2Time == 0.000020
[2022.09.26-00.12.01:209][  0]LogPakFile: PakFile PrimaryIndexSize=184
[2022.09.26-00.12.01:209][  0]LogPakFile: PakFile PathHashIndexSize=101
[2022.09.26-00.12.01:209][  0]LogPakFile: PakFile FullDirectoryIndexSize=142
[2022.09.26-00.12.01:209][  0]LogShaderLibrary: Display: ShaderCodeLibraryPakFileMountedCallback: PakFile 'C:/Program Files/Epic Games/UE_4.27/FeaturePacks/TP_PuzzleBP.upack' (chunk index -1, root 'root:/') mounted
[2022.09.26-00.12.01:209][  0]LogShaderLibrary: Display: ShaderCodeLibraryPakFileMountedCallback: pending pak file info (ChunkID:-1 Root:root:/ File:C:/Program Files/Epic Games/UE_4.27/FeaturePacks/TP_PuzzleBP.upack)
[2022.09.26-00.12.01:209][  0]LogPakFile: OnPakFileMounted2Time == 0.000018
[2022.09.26-00.12.01:209][  0]LogPakFile: PakFile PrimaryIndexSize=183
[2022.09.26-00.12.01:209][  0]LogPakFile: PakFile PathHashIndexSize=101
[2022.09.26-00.12.01:209][  0]LogPakFile: PakFile FullDirectoryIndexSize=140
[2022.09.26-00.12.01:209][  0]LogShaderLibrary: Display: ShaderCodeLibraryPakFileMountedCallback: PakFile 'C:/Program Files/Epic Games/UE_4.27/FeaturePacks/TP_Rolling.upack' (chunk index -1, root 'root:/') mounted
[2022.09.26-00.12.01:209][  0]LogShaderLibrary: Display: ShaderCodeLibraryPakFileMountedCallback: pending pak file info (ChunkID:-1 Root:root:/ File:C:/Program Files/Epic Games/UE_4.27/FeaturePacks/TP_Rolling.upack)
[2022.09.26-00.12.01:209][  0]LogPakFile: OnPakFileMounted2Time == 0.000017
[2022.09.26-00.12.01:210][  0]LogPakFile: PakFile PrimaryIndexSize=185
[2022.09.26-00.12.01:211][  0]LogPakFile: PakFile PathHashIndexSize=101
[2022.09.26-00.12.01:211][  0]LogPakFile: PakFile FullDirectoryIndexSize=144
[2022.09.26-00.12.01:211][  0]LogShaderLibrary: Display: ShaderCodeLibraryPakFileMountedCallback: PakFile 'C:/Program Files/Epic Games/UE_4.27/FeaturePacks/TP_RollingBP.upack' (chunk index -1, root 'root:/') mounted
[2022.09.26-00.12.01:211][  0]LogShaderLibrary: Display: ShaderCodeLibraryPakFileMountedCallback: pending pak file info (ChunkID:-1 Root:root:/ File:C:/Program Files/Epic Games/UE_4.27/FeaturePacks/TP_RollingBP.upack)
[2022.09.26-00.12.01:211][  0]LogPakFile: OnPakFileMounted2Time == 0.000019
[2022.09.26-00.12.01:211][  0]LogPakFile: PakFile PrimaryIndexSize=188
[2022.09.26-00.12.01:211][  0]LogPakFile: PakFile PathHashIndexSize=101
[2022.09.26-00.12.01:211][  0]LogPakFile: PakFile FullDirectoryIndexSize=150
[2022.09.26-00.12.01:211][  0]LogShaderLibrary: Display: ShaderCodeLibraryPakFileMountedCallback: PakFile 'C:/Program Files/Epic Games/UE_4.27/FeaturePacks/TP_SideScroller.upack' (chunk index -1, root 'root:/') mounted
[2022.09.26-00.12.01:211][  0]LogShaderLibrary: Display: ShaderCodeLibraryPakFileMountedCallback: pending pak file info (ChunkID:-1 Root:root:/ File:C:/Program Files/Epic Games/UE_4.27/FeaturePacks/TP_SideScroller.upack)
[2022.09.26-00.12.01:211][  0]LogPakFile: OnPakFileMounted2Time == 0.000019
[2022.09.26-00.12.01:212][  0]LogPakFile: PakFile PrimaryIndexSize=190
[2022.09.26-00.12.01:212][  0]LogPakFile: PakFile PathHashIndexSize=101
[2022.09.26-00.12.01:212][  0]LogPakFile: PakFile FullDirectoryIndexSize=154
[2022.09.26-00.12.01:212][  0]LogShaderLibrary: Display: ShaderCodeLibraryPakFileMountedCallback: PakFile 'C:/Program Files/Epic Games/UE_4.27/FeaturePacks/TP_SideScrollerBP.upack' (chunk index -1, root 'root:/') mounted
[2022.09.26-00.12.01:212][  0]LogShaderLibrary: Display: ShaderCodeLibraryPakFileMountedCallback: pending pak file info (ChunkID:-1 Root:root:/ File:C:/Program Files/Epic Games/UE_4.27/FeaturePacks/TP_SideScrollerBP.upack)
[2022.09.26-00.12.01:212][  0]LogPakFile: OnPakFileMounted2Time == 0.000018
[2022.09.26-00.12.01:213][  0]LogPakFile: PakFile PrimaryIndexSize=187
[2022.09.26-00.12.01:213][  0]LogPakFile: PakFile PathHashIndexSize=101
[2022.09.26-00.12.01:213][  0]LogPakFile: PakFile FullDirectoryIndexSize=148
[2022.09.26-00.12.01:213][  0]LogShaderLibrary: Display: ShaderCodeLibraryPakFileMountedCallback: PakFile 'C:/Program Files/Epic Games/UE_4.27/FeaturePacks/TP_ThirdPerson.upack' (chunk index -1, root 'root:/') mounted
[2022.09.26-00.12.01:213][  0]LogShaderLibrary: Display: ShaderCodeLibraryPakFileMountedCallback: pending pak file info (ChunkID:-1 Root:root:/ File:C:/Program Files/Epic Games/UE_4.27/FeaturePacks/TP_ThirdPerson.upack)
[2022.09.26-00.12.01:213][  0]LogPakFile: OnPakFileMounted2Time == 0.000018
[2022.09.26-00.12.01:213][  0]LogPakFile: PakFile PrimaryIndexSize=189
[2022.09.26-00.12.01:213][  0]LogPakFile: PakFile PathHashIndexSize=101
[2022.09.26-00.12.01:213][  0]LogPakFile: PakFile FullDirectoryIndexSize=152
[2022.09.26-00.12.01:213][  0]LogShaderLibrary: Display: ShaderCodeLibraryPakFileMountedCallback: PakFile 'C:/Program Files/Epic Games/UE_4.27/FeaturePacks/TP_ThirdPersonBP.upack' (chunk index -1, root 'root:/') mounted
[2022.09.26-00.12.01:213][  0]LogShaderLibrary: Display: ShaderCodeLibraryPakFileMountedCallback: pending pak file info (ChunkID:-1 Root:root:/ File:C:/Program Files/Epic Games/UE_4.27/FeaturePacks/TP_ThirdPersonBP.upack)
[2022.09.26-00.12.01:213][  0]LogPakFile: OnPakFileMounted2Time == 0.000018
[2022.09.26-00.12.01:214][  0]LogPakFile: PakFile PrimaryIndexSize=183
[2022.09.26-00.12.01:214][  0]LogPakFile: PakFile PathHashIndexSize=101
[2022.09.26-00.12.01:214][  0]LogPakFile: PakFile FullDirectoryIndexSize=140
[2022.09.26-00.12.01:214][  0]LogShaderLibrary: Display: ShaderCodeLibraryPakFileMountedCallback: PakFile 'C:/Program Files/Epic Games/UE_4.27/FeaturePacks/TP_TopDown.upack' (chunk index -1, root 'root:/') mounted
[2022.09.26-00.12.01:214][  0]LogShaderLibrary: Display: ShaderCodeLibraryPakFileMountedCallback: pending pak file info (ChunkID:-1 Root:root:/ File:C:/Program Files/Epic Games/UE_4.27/FeaturePacks/TP_TopDown.upack)
[2022.09.26-00.12.01:214][  0]LogPakFile: OnPakFileMounted2Time == 0.000025
[2022.09.26-00.12.01:215][  0]LogPakFile: PakFile PrimaryIndexSize=185
[2022.09.26-00.12.01:216][  0]LogPakFile: PakFile PathHashIndexSize=101
[2022.09.26-00.12.01:216][  0]LogPakFile: PakFile FullDirectoryIndexSize=144
[2022.09.26-00.12.01:216][  0]LogShaderLibrary: Display: ShaderCodeLibraryPakFileMountedCallback: PakFile 'C:/Program Files/Epic Games/UE_4.27/FeaturePacks/TP_TopDownBP.upack' (chunk index -1, root 'root:/') mounted
[2022.09.26-00.12.01:216][  0]LogShaderLibrary: Display: ShaderCodeLibraryPakFileMountedCallback: pending pak file info (ChunkID:-1 Root:root:/ File:C:/Program Files/Epic Games/UE_4.27/FeaturePacks/TP_TopDownBP.upack)
[2022.09.26-00.12.01:216][  0]LogPakFile: OnPakFileMounted2Time == 0.000018
[2022.09.26-00.12.01:216][  0]LogPakFile: PakFile PrimaryIndexSize=185
[2022.09.26-00.12.01:216][  0]LogPakFile: PakFile PathHashIndexSize=101
[2022.09.26-00.12.01:216][  0]LogPakFile: PakFile FullDirectoryIndexSize=144
[2022.09.26-00.12.01:216][  0]LogShaderLibrary: Display: ShaderCodeLibraryPakFileMountedCallback: PakFile 'C:/Program Files/Epic Games/UE_4.27/FeaturePacks/TP_TwinStick.upack' (chunk index -1, root 'root:/') mounted
[2022.09.26-00.12.01:216][  0]LogShaderLibrary: Display: ShaderCodeLibraryPakFileMountedCallback: pending pak file info (ChunkID:-1 Root:root:/ File:C:/Program Files/Epic Games/UE_4.27/FeaturePacks/TP_TwinStick.upack)
[2022.09.26-00.12.01:216][  0]LogPakFile: OnPakFileMounted2Time == 0.000021
[2022.09.26-00.12.01:218][  0]LogPakFile: PakFile PrimaryIndexSize=187
[2022.09.26-00.12.01:218][  0]LogPakFile: PakFile PathHashIndexSize=101
[2022.09.26-00.12.01:218][  0]LogPakFile: PakFile FullDirectoryIndexSize=148
[2022.09.26-00.12.01:218][  0]LogShaderLibrary: Display: ShaderCodeLibraryPakFileMountedCallback: PakFile 'C:/Program Files/Epic Games/UE_4.27/FeaturePacks/TP_TwinStickBP.upack' (chunk index -1, root 'root:/') mounted
[2022.09.26-00.12.01:218][  0]LogShaderLibrary: Display: ShaderCodeLibraryPakFileMountedCallback: pending pak file info (ChunkID:-1 Root:root:/ File:C:/Program Files/Epic Games/UE_4.27/FeaturePacks/TP_TwinStickBP.upack)
[2022.09.26-00.12.01:218][  0]LogPakFile: OnPakFileMounted2Time == 0.000021
[2022.09.26-00.12.01:219][  0]LogPakFile: PakFile PrimaryIndexSize=183
[2022.09.26-00.12.01:219][  0]LogPakFile: PakFile PathHashIndexSize=101
[2022.09.26-00.12.01:219][  0]LogPakFile: PakFile FullDirectoryIndexSize=140
[2022.09.26-00.12.01:219][  0]LogShaderLibrary: Display: ShaderCodeLibraryPakFileMountedCallback: PakFile 'C:/Program Files/Epic Games/UE_4.27/FeaturePacks/TP_Vehicle.upack' (chunk index -1, root 'root:/') mounted
[2022.09.26-00.12.01:219][  0]LogShaderLibrary: Display: ShaderCodeLibraryPakFileMountedCallback: pending pak file info (ChunkID:-1 Root:root:/ File:C:/Program Files/Epic Games/UE_4.27/FeaturePacks/TP_Vehicle.upack)
[2022.09.26-00.12.01:219][  0]LogPakFile: OnPakFileMounted2Time == 0.000020
[2022.09.26-00.12.01:220][  0]LogPakFile: PakFile PrimaryIndexSize=186
[2022.09.26-00.12.01:220][  0]LogPakFile: PakFile PathHashIndexSize=101
[2022.09.26-00.12.01:220][  0]LogPakFile: PakFile FullDirectoryIndexSize=146
[2022.09.26-00.12.01:220][  0]LogShaderLibrary: Display: ShaderCodeLibraryPakFileMountedCallback: PakFile 'C:/Program Files/Epic Games/UE_4.27/FeaturePacks/TP_VehicleAdv.upack' (chunk index -1, root 'root:/') mounted
[2022.09.26-00.12.01:220][  0]LogShaderLibrary: Display: ShaderCodeLibraryPakFileMountedCallback: pending pak file info (ChunkID:-1 Root:root:/ File:C:/Program Files/Epic Games/UE_4.27/FeaturePacks/TP_VehicleAdv.upack)
[2022.09.26-00.12.01:220][  0]LogPakFile: OnPakFileMounted2Time == 0.000019
[2022.09.26-00.12.01:221][  0]LogPakFile: PakFile PrimaryIndexSize=188
[2022.09.26-00.12.01:221][  0]LogPakFile: PakFile PathHashIndexSize=101
[2022.09.26-00.12.01:221][  0]LogPakFile: PakFile FullDirectoryIndexSize=150
[2022.09.26-00.12.01:221][  0]LogShaderLibrary: Display: ShaderCodeLibraryPakFileMountedCallback: PakFile 'C:/Program Files/Epic Games/UE_4.27/FeaturePacks/TP_VehicleAdvBP.upack' (chunk index -1, root 'root:/') mounted
[2022.09.26-00.12.01:221][  0]LogShaderLibrary: Display: ShaderCodeLibraryPakFileMountedCallback: pending pak file info (ChunkID:-1 Root:root:/ File:C:/Program Files/Epic Games/UE_4.27/FeaturePacks/TP_VehicleAdvBP.upack)
[2022.09.26-00.12.01:221][  0]LogPakFile: OnPakFileMounted2Time == 0.000019
[2022.09.26-00.12.01:222][  0]LogPakFile: PakFile PrimaryIndexSize=185
[2022.09.26-00.12.01:222][  0]LogPakFile: PakFile PathHashIndexSize=101
[2022.09.26-00.12.01:222][  0]LogPakFile: PakFile FullDirectoryIndexSize=144
[2022.09.26-00.12.01:222][  0]LogShaderLibrary: Display: ShaderCodeLibraryPakFileMountedCallback: PakFile 'C:/Program Files/Epic Games/UE_4.27/FeaturePacks/TP_VehicleBP.upack' (chunk index -1, root 'root:/') mounted
[2022.09.26-00.12.01:222][  0]LogShaderLibrary: Display: ShaderCodeLibraryPakFileMountedCallback: pending pak file info (ChunkID:-1 Root:root:/ File:C:/Program Files/Epic Games/UE_4.27/FeaturePacks/TP_VehicleBP.upack)
[2022.09.26-00.12.01:222][  0]LogPakFile: OnPakFileMounted2Time == 0.000019
[2022.09.26-00.12.01:223][  0]LogPakFile: PakFile PrimaryIndexSize=192
[2022.09.26-00.12.01:223][  0]LogPakFile: PakFile PathHashIndexSize=101
[2022.09.26-00.12.01:223][  0]LogPakFile: PakFile FullDirectoryIndexSize=158
[2022.09.26-00.12.01:223][  0]LogShaderLibrary: Display: ShaderCodeLibraryPakFileMountedCallback: PakFile 'C:/Program Files/Epic Games/UE_4.27/FeaturePacks/TP_VirtualRealityBP.upack' (chunk index -1, root 'root:/') mounted
[2022.09.26-00.12.01:223][  0]LogShaderLibrary: Display: ShaderCodeLibraryPakFileMountedCallback: pending pak file info (ChunkID:-1 Root:root:/ File:C:/Program Files/Epic Games/UE_4.27/FeaturePacks/TP_VirtualRealityBP.upack)
[2022.09.26-00.12.01:223][  0]LogPakFile: OnPakFileMounted2Time == 0.000019
[2022.09.26-00.12.01:328][  0]LogNativeClassHierarchy: Verbose: Native class hierarchy updated for 'AddContentDialog' in 0.0002 seconds. Added 0 classes and 0 folders.
[2022.09.26-00.12.01:334][  0]LogNativeClassHierarchy: Verbose: Native class hierarchy updated for 'SceneOutliner' in 0.0002 seconds. Added 2 classes and 0 folders.
[2022.09.26-00.12.01:496][  0]LogSlate: Took 0.000440 seconds to synchronously load lazily loaded font '../../../Engine/Content/Slate/Fonts/Roboto-Regular.ttf' (155K)
[2022.09.26-00.12.01:497][  0]LogSlate: Took 0.000373 seconds to synchronously load lazily loaded font '../../../Engine/Content/Editor/Slate/Fonts/FontAwesome.ttf' (139K)
[2022.09.26-00.12.01:499][  0]LogSlate: Took 0.000522 seconds to synchronously load lazily loaded font '../../../Engine/Content/Slate/Fonts/Roboto-Bold.ttf' (160K)
[2022.09.26-00.12.01:568][  0]LogRenderer: Reallocating scene render targets to support 920x452 Format 10 NumSamples 1 (Frame:1).
[2022.09.26-00.12.01:950][  0]LogNativeClassHierarchy: Verbose: Native class hierarchy updated for 'HierarchicalLODOutliner' in 0.0002 seconds. Added 0 classes and 0 folders.
[2022.09.26-00.12.01:950][  0]LogLoad: (Engine Initialization) Total time: 13.15 seconds
[2022.09.26-00.12.01:950][  0]LogLoad: (Engine Initialization) Total Blueprint compile time: 0.00 seconds
[2022.09.26-00.12.01:994][  0]LogAssetRegistry: Asset discovery search completed in 8.2003 seconds
[2022.09.26-00.12.02:002][  0]LogCollectionManager: Fixed up redirectors for 0 collections in 0.000003 seconds (updated 0 objects)
[2022.09.26-00.12.02:005][  0]LogContentStreaming: Texture pool size now 1000 MB
[2022.09.26-00.12.02:965][100]LogSlate: Took 0.000581 seconds to synchronously load lazily loaded font '../../../Engine/Content/Slate/Fonts/Roboto-Light.ttf' (167K)
[2022.09.26-00.12.12:894][211]Cmd: OBJ SAVEPACKAGE PACKAGE="/Game/Maps/TestMapS" FILE="../../../../../../study/AssassinTactics/Content/Maps/TestMapS.umap" SILENT=true AUTOSAVING=false KEEPDIRTY=false
[2022.09.26-00.12.12:907][211]LogUObjectHash: Compacting FUObjectHashTables data took   1.19ms
[2022.09.26-00.12.13:171][211]LogSavePackage: Moving '../../../../../../study/AssassinTactics/Saved/TestMapSE3511C5E4D7B20D59523E2A76A61243E.tmp' to '../../../../../../study/AssassinTactics/Content/Maps/TestMapS.umap'
[2022.09.26-00.12.13:182][211]Cmd: OBJ SAVEPACKAGE PACKAGE="/Game/Maps/TestMapS_BuiltData" FILE="../../../../../../study/AssassinTactics/Content/Maps/TestMapS_BuiltData.uasset" SILENT=true
[2022.09.26-00.12.17:063][211]LogSavePackage: Moving '../../../../../../study/AssassinTactics/Saved/TestMapS_BuiltDataAD3B4E49419BB8177A3D5F8240274E52.tmp' to '../../../../../../study/AssassinTactics/Content/Maps/TestMapS_BuiltData.uasset'
[2022.09.26-00.12.17:103][211]AssetCheck: New page: Asset Save: multiple assets
[2022.09.26-00.12.17:103][211]LogContentValidation: Display: Validating MapBuildDataRegistry /Game/Maps/TestMapS_BuiltData.TestMapS_BuiltData
[2022.09.26-00.12.17:104][211]LogContentValidation: Display: Validating World /Game/Maps/TestMapS.TestMapS
[2022.09.26-00.12.19:748][486]LogAssetEditorSubsystem: Opening Asset editor for Blueprint /Game/Character/AT_Char/AT_Character.AT_Character
[2022.09.26-00.12.19:909][486]LogNativeClassHierarchy: Verbose: Native class hierarchy updated for 'BlueprintGraph' in 0.0004 seconds. Added 126 classes and 0 folders.
[2022.09.26-00.12.20:538][486]LogSlate: Took 0.000468 seconds to synchronously load lazily loaded font '../../../Engine/Content/Slate/Fonts/Roboto-BoldCondensed.ttf' (158K)
[2022.09.26-00.12.20:769][487]LogSlate: Took 0.010293 seconds to synchronously load lazily loaded font '../../../Engine/Content/Slate/Fonts/DroidSansFallback.ttf' (3848K)
[2022.09.26-00.12.20:771][487]LogSlate: Took 0.000515 seconds to synchronously load lazily loaded font '../../../Engine/Content/Slate/Fonts/Roboto-Italic.ttf' (157K)
[2022.09.26-00.12.27:905][270]Cmd: OBJ SAVEPACKAGE PACKAGE="/Game/Character/AT_Char/AT_Character" FILE="../../../../../../study/AssassinTactics/Content/Character/AT_Char/AT_Character.uasset" SILENT=true
[2022.09.26-00.12.27:965][270]LogSavePackage: Moving '../../../../../../study/AssassinTactics/Saved/AT_Character62749F324AE5A5D8309651A9BBA2165F.tmp' to '../../../../../../study/AssassinTactics/Content/Character/AT_Char/AT_Character.uasset'
[2022.09.26-00.12.27:978][270]AssetCheck: New page: Asset Save: AT_Character
[2022.09.26-00.12.27:978][270]LogContentValidation: Display: Validating Blueprint /Game/Character/AT_Char/AT_Character.AT_Character
[2022.09.26-00.12.54:583][275]LogEditorViewport: Clicking on Actor (LMB): BP_PatrolPath_C (BP_PatrolPath)
[2022.09.26-00.13.01:864][100]Cmd: TRANSACTION UNDO
[2022.09.26-00.13.01:864][100]LogEditorTransaction: Undo Move Actors
[2022.09.26-00.13.02:515][142]Cmd: OBJ SAVEPACKAGE PACKAGE="/Game/Maps/TestMapS" FILE="../../../../../../study/AssassinTactics/Content/Maps/TestMapS.umap" SILENT=true AUTOSAVING=false KEEPDIRTY=false
[2022.09.26-00.13.02:536][142]LogUObjectHash: Compacting FUObjectHashTables data took   1.66ms
[2022.09.26-00.13.02:679][142]LogSavePackage: Moving '../../../../../../study/AssassinTactics/Saved/TestMapSAB7497CD4A1DB6FD0AF20185C81BA3A5.tmp' to '../../../../../../study/AssassinTactics/Content/Maps/TestMapS.umap'
[2022.09.26-00.13.02:685][142]Cmd: OBJ SAVEPACKAGE PACKAGE="/Game/Maps/TestMapS_BuiltData" FILE="../../../../../../study/AssassinTactics/Content/Maps/TestMapS_BuiltData.uasset" SILENT=true
[2022.09.26-00.13.04:191][142]LogSavePackage: Moving '../../../../../../study/AssassinTactics/Saved/TestMapS_BuiltDataE10783654F579BAE5218349984CAAE5B.tmp' to '../../../../../../study/AssassinTactics/Content/Maps/TestMapS_BuiltData.uasset'
[2022.09.26-00.13.04:242][142]AssetCheck: New page: Asset Save: multiple assets
[2022.09.26-00.13.04:242][142]LogContentValidation: Display: Validating MapBuildDataRegistry /Game/Maps/TestMapS_BuiltData.TestMapS_BuiltData
[2022.09.26-00.13.04:242][142]LogContentValidation: Display: Validating World /Game/Maps/TestMapS.TestMapS
[2022.09.26-00.14.00:056][661]Cmd: CAMERA ALIGN ACTIVEVIEWPORTONLY
[2022.09.26-00.14.05:316][256]LogEditorViewport: Clicking on Actor (LMB): AIChar_C (AIChar)
[2022.09.26-00.14.12:654][110]Cmd: OBJ SAVEPACKAGE PACKAGE="/Game/Maps/TestMapS" FILE="../../../../../../study/AssassinTactics/Content/Maps/TestMapS.umap" SILENT=true AUTOSAVING=false KEEPDIRTY=false
[2022.09.26-00.14.12:674][110]LogUObjectHash: Compacting FUObjectHashTables data took   0.85ms
[2022.09.26-00.14.12:850][110]LogSavePackage: Moving '../../../../../../study/AssassinTactics/Saved/TestMapSB11004FE477E805E31DEBF91EC8A2712.tmp' to '../../../../../../study/AssassinTactics/Content/Maps/TestMapS.umap'
[2022.09.26-00.14.12:858][110]Cmd: OBJ SAVEPACKAGE PACKAGE="/Game/Maps/TestMapS_BuiltData" FILE="../../../../../../study/AssassinTactics/Content/Maps/TestMapS_BuiltData.uasset" SILENT=true
[2022.09.26-00.14.14:434][110]LogSavePackage: Moving '../../../../../../study/AssassinTactics/Saved/TestMapS_BuiltData7B9BCA614B1479F467F5A69E1E32C20D.tmp' to '../../../../../../study/AssassinTactics/Content/Maps/TestMapS_BuiltData.uasset'
[2022.09.26-00.14.14:468][110]AssetCheck: New page: Asset Save: multiple assets
[2022.09.26-00.14.14:468][110]LogContentValidation: Display: Validating MapBuildDataRegistry /Game/Maps/TestMapS_BuiltData.TestMapS_BuiltData
[2022.09.26-00.14.14:468][110]LogContentValidation: Display: Validating World /Game/Maps/TestMapS.TestMapS
[2022.09.26-00.14.14:893][148]LogEditorViewport: Clicking on Actor (LMB): BP_PatrolPath_C (BP_PatrolPath)
[2022.09.26-00.14.19:127][643]LogUObjectHash: Compacting FUObjectHashTables data took   1.26ms
[2022.09.26-00.14.19:143][643]Cmd: OBJ SAVEPACKAGE PACKAGE="/Game/Maps/TestMapS" FILE="../../../../../../study/AssassinTactics/Content/Maps/TestMapS.umap" SILENT=true AUTOSAVING=false KEEPDIRTY=false
[2022.09.26-00.14.19:159][643]LogUObjectHash: Compacting FUObjectHashTables data took   0.52ms
[2022.09.26-00.14.19:292][643]LogSavePackage: Moving '../../../../../../study/AssassinTactics/Saved/TestMapSAE6D0E8C4F16C8981A6C93A7EFF20FA1.tmp' to '../../../../../../study/AssassinTactics/Content/Maps/TestMapS.umap'
[2022.09.26-00.14.19:296][643]LogFileHelpers: Saving map 'TestMapS' took 0.154
[2022.09.26-00.14.19:306][643]AssetCheck: New page: Asset Save: TestMapS
[2022.09.26-00.14.19:306][643]LogContentValidation: Display: Validating World /Game/Maps/TestMapS.TestMapS
